
> @frontier/server@0.0.1 dev C:\Users\Emre\Desktop\Online Strateji oyunu\apps\server
> tsx watch src/index.ts

Frontier Dominion server listening on http://localhost:3103
{"channel":"http","method":"GET","path":"/api/health","status":200,"durationMs":9}
{"channel":"http","method":"GET","path":"/bootstrap","status":200,"durationMs":2}
{"channel":"http","method":"GET","path":"/bootstrap","status":200,"durationMs":2}
{"channel":"http","method":"GET","path":"/me","status":200,"durationMs":2}
{"channel":"audit","event":"auth.login","at":"2026-03-30T20:55:44.309Z","payload":{"userId":"cmndo3in40000o72w7i12jec1","username":"demo_smoke"}}
{"channel":"http","method":"POST","path":"/login","status":200,"durationMs":185}
{"channel":"http","method":"GET","path":"/me","status":200,"durationMs":63}
{"channel":"analytics","at":"2026-03-30T20:55:44.501Z","userId":"cmndo3in40000o72w7i12jec1","event":"hud_tab_opened","metadata":{"tab":"dashboard"}}
{"channel":"analytics","at":"2026-03-30T20:55:44.502Z","userId":"cmndo3in40000o72w7i12jec1","event":"hud_tab_opened","metadata":{"tab":"dashboard"}}
{"channel":"http","method":"GET","path":"/bootstrap","status":304,"durationMs":1}
{"channel":"analytics","at":"2026-03-30T20:55:44.629Z","userId":"cmndo3in40000o72w7i12jec1","event":"hud_tab_opened","metadata":{"tab":"dashboard"}}
{"channel":"http","method":"POST","path":"/analytics","status":202,"durationMs":15}
{"channel":"analytics","at":"2026-03-30T20:55:44.631Z","userId":"cmndo3in40000o72w7i12jec1","event":"hud_tab_opened","metadata":{"tab":"dashboard"}}
{"channel":"http","method":"POST","path":"/analytics","status":202,"durationMs":20}
{"channel":"http","method":"GET","path":"/me","status":304,"durationMs":65}
{"channel":"http","method":"GET","path":"/mailbox","status":200,"durationMs":56}
{"channel":"http","method":"GET","path":"/state","status":200,"durationMs":474}
{"channel":"analytics","at":"2026-03-30T20:55:45.534Z","userId":"cmndo3in40000o72w7i12jec1","event":"hud_tab_opened","metadata":{"tab":"dashboard"}}
{"channel":"http","method":"POST","path":"/analytics","status":202,"durationMs":16}
{"channel":"analytics","at":"2026-03-30T20:55:45.682Z","userId":"cmndo3in40000o72w7i12jec1","event":"tutorial_started","metadata":{"cityId":"cmndo3inp0002o72wjlfkk5dw"}}
{"channel":"http","method":"POST","path":"/analytics","status":202,"durationMs":16}
{"channel":"analytics","at":"2026-03-30T20:55:45.706Z","userId":"cmndo3in40000o72w7i12jec1","event":"hud_tab_opened","metadata":{"tab":"dashboard"}}
{"channel":"http","method":"POST","path":"/analytics","status":202,"durationMs":37}
{"channel":"http","method":"GET","path":"/inventory","status":200,"durationMs":54}
{"channel":"http","method":"GET","path":"/events","status":200,"durationMs":98}
{"channel":"http","method":"GET","path":"/tasks","status":200,"durationMs":204}
{"channel":"analytics","at":"2026-03-30T20:55:45.908Z","userId":"cmndo3in40000o72w7i12jec1","event":"tutorial_step_seen","metadata":{"taskId":"cmndo3is6000zo72wwmtzg80z"}}
{"channel":"http","method":"POST","path":"/analytics","status":202,"durationMs":14}
{"channel":"http","method":"GET","path":"/bootstrap","status":200,"durationMs":1}
{"channel":"http","method":"GET","path":"/me","status":200,"durationMs":0}
{"channel":"audit","event":"auth.login","at":"2026-03-30T20:55:51.597Z","payload":{"userId":"cmndo3r530000o7qgztfyshgf","username":"demo_smoke"}}
{"channel":"http","method":"POST","path":"/login","status":200,"durationMs":133}
{"channel":"http","method":"GET","path":"/me","status":200,"durationMs":28}
{"channel":"analytics","at":"2026-03-30T20:55:51.675Z","userId":"cmndo3r530000o7qgztfyshgf","event":"hud_tab_opened","metadata":{"tab":"dashboard"}}
{"channel":"http","method":"POST","path":"/analytics","status":202,"durationMs":7}
{"channel":"analytics","at":"2026-03-30T20:55:51.677Z","userId":"cmndo3r530000o7qgztfyshgf","event":"hud_tab_opened","metadata":{"tab":"dashboard"}}
{"channel":"http","method":"POST","path":"/analytics","status":202,"durationMs":11}
{"channel":"http","method":"GET","path":"/mailbox","status":200,"durationMs":47}
{"channel":"http","method":"GET","path":"/state","status":200,"durationMs":274}
{"channel":"analytics","at":"2026-03-30T20:55:52.077Z","userId":"cmndo3r530000o7qgztfyshgf","event":"tutorial_started","metadata":{"cityId":"cmndo3r5g0002o7qghd6w73f3"}}
{"channel":"http","method":"POST","path":"/analytics","status":202,"durationMs":14}
{"channel":"http","method":"GET","path":"/inventory","status":200,"durationMs":58}
{"channel":"http","method":"GET","path":"/events","status":200,"durationMs":106}
{"channel":"http","method":"GET","path":"/tasks","status":200,"durationMs":176}
{"channel":"analytics","at":"2026-03-30T20:55:52.389Z","userId":"cmndo3r530000o7qgztfyshgf","event":"tutorial_step_seen","metadata":{"taskId":"cmndo3r6w000zo7qgkxoqy5zq"}}
{"channel":"http","method":"POST","path":"/analytics","status":202,"durationMs":26}
{"channel":"analytics","at":"2026-03-30T20:55:52.960Z","userId":"cmndo3r530000o7qgztfyshgf","event":"hud_tab_opened","metadata":{"tab":"alliance"}}
{"channel":"http","method":"POST","path":"/analytics","status":202,"durationMs":13}
{"channel":"http","method":"GET","path":"/","status":200,"durationMs":315}
{"channel":"http","method":"GET","path":"/reports","status":200,"durationMs":322}
{"channel":"http","method":"GET","path":"/world/chunk","status":200,"durationMs":642}
{"channel":"http","method":"GET","path":"/world/chunk","status":200,"durationMs":980}
{"channel":"http","method":"GET","path":"/world/chunk","status":200,"durationMs":1336}
{"channel":"http","method":"GET","path":"/world/chunk","status":200,"durationMs":1597}
{"channel":"analytics","at":"2026-03-30T20:55:56.039Z","userId":"cmndo3r530000o7qgztfyshgf","event":"hud_tab_opened","metadata":{"tab":"map"}}
{"channel":"http","method":"POST","path":"/analytics","status":202,"durationMs":7}
{"channel":"analytics","at":"2026-03-30T20:55:56.328Z","userId":"cmndo3r530000o7qgztfyshgf","event":"target_sheet_opened","metadata":{"targetType":"POI","targetId":"cmn2ww2w9001so7r0ubjs62jv"}}
{"channel":"http","method":"POST","path":"/analytics","status":202,"durationMs":17}
{"channel":"http","method":"GET","path":"/world/chunk","status":200,"durationMs":1330}
{"channel":"http","method":"GET","path":"/world/chunk","status":200,"durationMs":2353}
{"channel":"http","method":"GET","path":"/world/chunk","status":200,"durationMs":1654}
{"channel":"http","method":"GET","path":"/world/chunk","status":200,"durationMs":2711}
{"channel":"http","method":"GET","path":"/world/chunk","status":200,"durationMs":2058}
{"channel":"audit","event":"game.march.create","at":"2026-03-30T20:56:02.290Z","payload":{"userId":"cmndo3r530000o7qgztfyshgf","objective":"BARBARIAN_ATTACK","targetCityId":null,"targetPoiId":"cmn2ww2w9001so7r0ubjs62jv","commanderId":"cmndo3r63000lo7qgd114ipoz","troops":{"INFANTRY":18,"ARCHER":12,"CAVALRY":8}}}
{"channel":"http","method":"POST","path":"/marches","status":202,"durationMs":933}
{"channel":"http","method":"GET","path":"/state","status":200,"durationMs":713}
{"channel":"http","method":"GET","path":"/world/chunk","status":200,"durationMs":1148}
{"channel":"http","method":"GET","path":"/state","status":200,"durationMs":711}
{"channel":"http","method":"GET","path":"/world/chunk","status":200,"durationMs":697}
{"channel":"http","method":"GET","path":"/state","status":200,"durationMs":758}
{"channel":"http","method":"GET","path":"/world/chunk","status":200,"durationMs":769}
{"channel":"analytics","at":"2026-03-30T20:56:06.031Z","userId":"cmndo3r530000o7qgztfyshgf","event":"first_march","metadata":{"objective":"BARBARIAN_ATTACK","targetType":"POI"}}
{"channel":"http","method":"POST","path":"/analytics","status":202,"durationMs":16}
{"channel":"analytics","at":"2026-03-30T20:56:06.034Z","userId":"cmndo3r530000o7qgztfyshgf","event":"march_confirmed","metadata":{"objective":"BARBARIAN_ATTACK","target":"Barbarian Camp 5"}}
{"channel":"http","method":"POST","path":"/analytics","status":202,"durationMs":16}
{"channel":"analytics","at":"2026-03-30T20:56:06.424Z","userId":"cmndo3r530000o7qgztfyshgf","event":"target_sheet_opened","metadata":{"targetType":"POI","targetId":"cmn2ww2w9001so7r0ubjs62jv"}}
{"channel":"http","method":"POST","path":"/analytics","status":202,"durationMs":16}
{"channel":"http","method":"GET","path":"/state","status":200,"durationMs":364}
{"channel":"http","method":"GET","path":"/state","status":200,"durationMs":709}
{"channel":"http","method":"GET","path":"/state","status":200,"durationMs":777}
{"channel":"http","method":"GET","path":"/state","status":200,"durationMs":310}
{"channel":"http","method":"GET","path":"/state","status":200,"durationMs":431}
{"channel":"http","method":"GET","path":"/state","status":200,"durationMs":348}
{"channel":"http","method":"GET","path":"/world/chunk","status":200,"durationMs":498}
{"channel":"http","method":"GET","path":"/state","status":200,"durationMs":764}
{"channel":"http","method":"GET","path":"/world/chunk","status":304,"durationMs":601}
{"channel":"http","method":"GET","path":"/world/chunk","status":200,"durationMs":410}
{"channel":"analytics","at":"2026-03-30T20:57:15.874Z","userId":"cmndo3r530000o7qgztfyshgf","event":"target_sheet_opened","metadata":{"targetType":"POI","targetId":"cmn2ww2w9001so7r0ubjs62jv"}}
{"channel":"http","method":"POST","path":"/analytics","status":202,"durationMs":11}
{"channel":"http","method":"GET","path":"/state","status":200,"durationMs":368}
{"channel":"http","method":"GET","path":"/reports","status":200,"durationMs":284}
{"channel":"http","method":"GET","path":"/state","status":200,"durationMs":475}
{"channel":"http","method":"GET","path":"/world/chunk","status":200,"durationMs":784}
{"channel":"http","method":"GET","path":"/reports","status":304,"durationMs":645}
{"channel":"http","method":"GET","path":"/state","status":200,"durationMs":695}
{"channel":"http","method":"GET","path":"/world/chunk","status":304,"durationMs":679}
{"channel":"http","method":"GET","path":"/state","status":200,"durationMs":477}
{"channel":"http","method":"GET","path":"/world/chunk","status":304,"durationMs":541}
{"channel":"http","method":"GET","path":"/world/chunk","status":304,"durationMs":405}
{"channel":"http","method":"GET","path":"/world/chunk","status":304,"durationMs":370}
{"channel":"analytics","at":"2026-03-30T20:57:32.759Z","userId":"cmndo3r530000o7qgztfyshgf","event":"target_sheet_opened","metadata":{"targetType":"POI","targetId":"cmn2ww2w9001so7r0ubjs62jv"}}
{"channel":"http","method":"POST","path":"/analytics","status":202,"durationMs":17}
{"channel":"http","method":"GET","path":"/bootstrap","status":200,"durationMs":1}
{"channel":"http","method":"GET","path":"/me","status":200,"durationMs":1}
{"channel":"audit","event":"auth.login","at":"2026-03-30T20:57:41.733Z","payload":{"userId":"cmndo642c0000o7rs6jkv7qxq","username":"demo_smoke"}}
{"channel":"http","method":"POST","path":"/login","status":200,"durationMs":132}
{"channel":"http","method":"GET","path":"/me","status":200,"durationMs":28}
{"channel":"analytics","at":"2026-03-30T20:57:41.818Z","userId":"cmndo642c0000o7rs6jkv7qxq","event":"hud_tab_opened","metadata":{"tab":"dashboard"}}
{"channel":"http","method":"POST","path":"/analytics","status":202,"durationMs":16}
{"channel":"analytics","at":"2026-03-30T20:57:41.834Z","userId":"cmndo642c0000o7rs6jkv7qxq","event":"hud_tab_opened","metadata":{"tab":"dashboard"}}
{"channel":"http","method":"POST","path":"/analytics","status":202,"durationMs":28}
{"channel":"http","method":"GET","path":"/mailbox","status":200,"durationMs":69}
{"channel":"http","method":"GET","path":"/state","status":200,"durationMs":373}
{"channel":"analytics","at":"2026-03-30T20:57:42.343Z","userId":"cmndo642c0000o7rs6jkv7qxq","event":"tutorial_started","metadata":{"cityId":"cmndo642s0002o7rs113jtbvt"}}
{"channel":"http","method":"POST","path":"/analytics","status":202,"durationMs":8}
{"channel":"http","method":"GET","path":"/inventory","status":200,"durationMs":59}
{"channel":"http","method":"GET","path":"/events","status":200,"durationMs":105}
{"channel":"http","method":"GET","path":"/tasks","status":200,"durationMs":254}
{"channel":"analytics","at":"2026-03-30T20:57:42.679Z","userId":"cmndo642c0000o7rs6jkv7qxq","event":"tutorial_step_seen","metadata":{"taskId":"cmndo6448000zo7rsfh3cjkka"}}
{"channel":"http","method":"POST","path":"/analytics","status":202,"durationMs":17}
{"channel":"http","method":"GET","path":"/world/chunk","status":200,"durationMs":375}
{"channel":"http","method":"GET","path":"/reports","status":200,"durationMs":563}
{"channel":"http","method":"GET","path":"/world/chunk","status":200,"durationMs":869}
{"channel":"http","method":"GET","path":"/","status":200,"durationMs":1100}
{"channel":"http","method":"GET","path":"/world/chunk","status":200,"durationMs":1029}
{"channel":"http","method":"GET","path":"/world/chunk","status":200,"durationMs":1792}
{"channel":"analytics","at":"2026-03-30T20:57:44.740Z","userId":"cmndo642c0000o7rs6jkv7qxq","event":"hud_tab_opened","metadata":{"tab":"map"}}
{"channel":"http","method":"POST","path":"/analytics","status":202,"durationMs":8}
{"channel":"http","method":"GET","path":"/world/chunk","status":200,"durationMs":1593}
{"channel":"http","method":"GET","path":"/world/chunk","status":200,"durationMs":1602}
{"channel":"http","method":"GET","path":"/world/chunk","status":200,"durationMs":2884}
{"channel":"http","method":"GET","path":"/world/chunk","status":200,"durationMs":1823}
{"channel":"http","method":"GET","path":"/world/chunk","status":200,"durationMs":2490}
{"channel":"http","method":"GET","path":"/world/chunk","status":200,"durationMs":472}
{"channel":"http","method":"GET","path":"/world/chunk","status":200,"durationMs":843}
{"channel":"http","method":"GET","path":"/world/chunk","status":200,"durationMs":1091}
{"channel":"http","method":"GET","path":"/world/chunk","status":200,"durationMs":1379}
{"channel":"analytics","at":"2026-03-30T20:57:48.504Z","userId":"cmndo642c0000o7rs6jkv7qxq","event":"target_sheet_opened","metadata":{"targetType":"POI","targetId":"cmn2ww2w9001so7r0ubjs62jv"}}
{"channel":"http","method":"POST","path":"/analytics","status":202,"durationMs":7}
{"channel":"http","method":"GET","path":"/world/chunk","status":200,"durationMs":1683}
{"channel":"http","method":"GET","path":"/world/chunk","status":200,"durationMs":844}
{"channel":"http","method":"GET","path":"/world/chunk","status":200,"durationMs":1397}
{"channel":"http","method":"GET","path":"/world/chunk","status":200,"durationMs":2525}
{"channel":"http","method":"GET","path":"/world/chunk","status":200,"durationMs":2359}
{"channel":"http","method":"GET","path":"/world/chunk","status":200,"durationMs":440}
{"channel":"http","method":"GET","path":"/world/chunk","status":200,"durationMs":700}
{"channel":"http","method":"GET","path":"/bootstrap","status":304,"durationMs":0}
{"channel":"analytics","at":"2026-03-30T20:57:52.062Z","userId":"cmndo642c0000o7rs6jkv7qxq","event":"hud_tab_opened","metadata":{"tab":"map"}}
{"channel":"http","method":"POST","path":"/analytics","status":202,"durationMs":46}
{"channel":"analytics","at":"2026-03-30T20:57:52.064Z","userId":"cmndo642c0000o7rs6jkv7qxq","event":"hud_tab_opened","metadata":{"tab":"map"}}
{"channel":"http","method":"POST","path":"/analytics","status":202,"durationMs":50}
{"channel":"http","method":"GET","path":"/me","status":304,"durationMs":69}
{"channel":"http","method":"GET","path":"/mailbox","status":304,"durationMs":44}
{"channel":"http","method":"GET","path":"/state","status":200,"durationMs":1473}
{"channel":"http","method":"GET","path":"/world/chunk","status":304,"durationMs":409}
{"channel":"http","method":"GET","path":"/world/chunk","status":304,"durationMs":746}
{"channel":"http","method":"GET","path":"/world/chunk","status":304,"durationMs":1038}
{"channel":"http","method":"GET","path":"/","status":304,"durationMs":1294}
{"channel":"http","method":"GET","path":"/world/chunk","status":304,"durationMs":1212}
{"channel":"http","method":"GET","path":"/world/chunk","status":304,"durationMs":1980}
{"channel":"analytics","at":"2026-03-30T20:57:55.926Z","userId":"cmndo642c0000o7rs6jkv7qxq","event":"hud_tab_opened","metadata":{"tab":"map"}}
{"channel":"http","method":"POST","path":"/analytics","status":202,"durationMs":5}
{"channel":"http","method":"GET","path":"/world/chunk","status":304,"durationMs":1539}
{"channel":"http","method":"GET","path":"/world/chunk","status":304,"durationMs":926}
{"channel":"http","method":"GET","path":"/reports","status":304,"durationMs":2782}
{"channel":"http","method":"GET","path":"/world/chunk","status":304,"durationMs":1761}
{"channel":"http","method":"GET","path":"/world/chunk","status":304,"durationMs":2303}
{"channel":"audit","event":"alliance.marker.create","at":"2026-03-30T20:58:00.536Z","payload":{"userId":"cmndo642c0000o7rs6jkv7qxq","label":"Field ping 9128","x":30,"y":30}}
{"channel":"http","method":"POST","path":"/alliance/markers","status":200,"durationMs":118}
{"channel":"http","method":"GET","path":"/","status":200,"durationMs":285}
{"channel":"http","method":"GET","path":"/state","status":200,"durationMs":480}
{"channel":"http","method":"GET","path":"/","status":304,"durationMs":396}
{"channel":"http","method":"GET","path":"/state","status":200,"durationMs":415}
