
> @frontier/server@0.0.1 dev C:\Users\Emre\Desktop\Online Strateji oyunu\apps\server
> tsx watch src/index.ts

[telemetry] OpenTelemetry disabled (OTEL_ENABLED != true)
{"level":"info","time":"2026-04-01T20:26:15.116Z","service":"frontier-server","env":"development","port":3101,"env":"development","realtimeAdapter":"in_memory","redisConfigured":false,"msg":"Frontier Dominion server started"}
{"level":"info","time":"2026-04-01T20:28:23.489Z","service":"frontier-server","env":"development","channel":"http","requestId":"81e3b759-380b-4947-9db6-51c0322899e0","method":"GET","path":"/api/health","status":200,"durationMs":7,"ip":"::ffff:127.0.0.1"}
{"level":"info","time":"2026-04-01T20:28:46.785Z","service":"frontier-server","env":"development","channel":"http","requestId":"37e9a677-6908-4a78-82f0-59d1496368e6","method":"GET","path":"/bootstrap","status":200,"durationMs":2,"ip":"::1"}
{"level":"info","time":"2026-04-01T20:28:46.787Z","service":"frontier-server","env":"development","channel":"http","requestId":"970941c9-73b3-43c3-af89-12641429f164","method":"GET","path":"/me","status":200,"durationMs":1,"ip":"::1"}
{"channel":"audit","event":"auth.login","at":"2026-04-01T20:29:06.893Z","payload":{"userId":"cmn2ww2qo0000o7r0t60eox5x","username":"demo_alpha"}}
{"channel":"analytics","at":"2026-04-01T20:29:07.181Z","userId":"cmn2ww2qo0000o7r0t60eox5x","event":"hud_tab_opened","metadata":{"tab":"dashboard"}}
{"channel":"analytics","at":"2026-04-01T20:29:07.184Z","userId":"cmn2ww2qo0000o7r0t60eox5x","event":"hud_tab_opened","metadata":{"tab":"dashboard"}}
{"channel":"analytics","at":"2026-04-01T20:29:07.593Z","userId":"cmn2ww2qo0000o7r0t60eox5x","event":"tutorial_started","metadata":{"cityId":"cmn2ww2ra0002o7r0bk22yy8e"}}
{"level":"info","time":"2026-04-01T20:29:06.902Z","service":"frontier-server","env":"development","channel":"http","requestId":"1e0b444c-7806-4714-b8b2-e2eca2188636","method":"POST","path":"/login","status":200,"durationMs":198,"ip":"::1"}
{"level":"info","time":"2026-04-01T20:29:07.001Z","service":"frontier-server","env":"development","channel":"http","requestId":"3636d81b-6f89-4545-b6a5-cf19a3dc440c","method":"GET","path":"/me","status":200,"durationMs":88,"ip":"::1"}
{"level":"info","time":"2026-04-01T20:29:07.183Z","service":"frontier-server","env":"development","channel":"http","requestId":"80cfeab5-5b14-4dcf-aca6-8fcdacdffed9","method":"POST","path":"/analytics","status":202,"durationMs":82,"ip":"::1"}
{"level":"info","time":"2026-04-01T20:29:07.186Z","service":"frontier-server","env":"development","channel":"http","requestId":"e824bb79-e50c-4d0a-b4f4-cfbe51eb1863","method":"POST","path":"/analytics","status":202,"durationMs":99,"ip":"::1"}
{"level":"info","time":"2026-04-01T20:29:07.267Z","service":"frontier-server","env":"development","channel":"http","requestId":"72b6fc11-d8ac-4f62-beaa-f0d64517a6cd","method":"GET","path":"/entitlements","status":200,"durationMs":191,"ip":"::1"}
{"level":"info","time":"2026-04-01T20:29:07.281Z","service":"frontier-server","env":"development","channel":"http","requestId":"6dc2fe26-9ada-46c7-a543-647e55b04e84","method":"GET","path":"/mailbox","status":200,"durationMs":200,"ip":"::1"}
{"level":"info","time":"2026-04-01T20:29:07.307Z","service":"frontier-server","env":"development","channel":"http","requestId":"b4ada66b-0c7f-4dbc-a365-a429b92cd98b","method":"GET","path":"/catalog","status":200,"durationMs":225,"ip":"::1"}
{"level":"info","time":"2026-04-01T20:29:07.466Z","service":"frontier-server","env":"development","channel":"http","requestId":"66932f59-3985-4ec2-986e-d45fe6a0ad41","method":"GET","path":"/state","status":200,"durationMs":409,"ip":"::1"}
{"level":"info","time":"2026-04-01T20:29:07.594Z","service":"frontier-server","env":"development","channel":"http","requestId":"345cec4c-b570-41b4-b8aa-e6a40be632e1","method":"POST","path":"/analytics","status":202,"durationMs":11,"ip":"::1"}
{"level":"info","time":"2026-04-01T20:29:07.626Z","service":"frontier-server","env":"development","channel":"http","requestId":"02d74b62-4032-46a1-9231-df6f2de648c1","method":"GET","path":"/inventory","status":200,"durationMs":47,"ip":"::1"}
{"level":"info","time":"2026-04-01T20:29:07.667Z","service":"frontier-server","env":"development","channel":"http","requestId":"a3377aaa-b9ee-49b3-9212-179b000c84ae","method":"GET","path":"/events","status":200,"durationMs":86,"ip":"::1"}
{"level":"info","time":"2026-04-01T20:29:07.759Z","service":"frontier-server","env":"development","channel":"http","requestId":"79ddc9f9-3edf-49c5-a4e8-31ee32cff1c8","method":"GET","path":"/tasks","status":200,"durationMs":187,"ip":"::1"}
{"channel":"analytics","at":"2026-04-01T20:29:07.851Z","userId":"cmn2ww2qo0000o7r0t60eox5x","event":"tutorial_step_seen","metadata":{"taskId":"cmn2ww2t8000zo7r0jgsrbukv"}}
{"level":"info","time":"2026-04-01T20:29:07.852Z","service":"frontier-server","env":"development","channel":"http","requestId":"b4926b81-1391-4abf-897d-1d7a58814f61","method":"POST","path":"/analytics","status":202,"durationMs":11,"ip":"::1"}
{"level":"debug","time":"2026-04-01T20:29:07.896Z","service":"frontier-server","env":"development","userId":"cmn2ww2qo0000o7r0t60eox5x","channel":"ws","msg":"WebSocket connected"}
{"channel":"analytics","at":"2026-04-01T20:29:12.529Z","userId":"cmn2ww2qo0000o7r0t60eox5x","event":"hud_tab_opened","metadata":{"tab":"alliance"}}
{"level":"info","time":"2026-04-01T20:29:12.530Z","service":"frontier-server","env":"development","channel":"http","requestId":"806664bd-fea2-4068-8c36-57ebc53347f3","method":"POST","path":"/analytics","status":202,"durationMs":13,"ip":"::1"}
{"level":"info","time":"2026-04-01T20:29:12.837Z","service":"frontier-server","env":"development","channel":"http","requestId":"29396afd-a50d-4fa9-89eb-c91c72f64079","method":"GET","path":"/","status":200,"durationMs":323,"ip":"::1"}
{"level":"info","time":"2026-04-01T20:29:17.747Z","service":"frontier-server","env":"development","channel":"http","requestId":"04a91b95-8e46-4a7c-a7db-1328cdd52791","method":"GET","path":"/state","status":200,"durationMs":270,"ip":"::1"}
{"level":"info","time":"2026-04-01T20:29:28.031Z","service":"frontier-server","env":"development","channel":"http","requestId":"7409422e-7308-4b5a-8a4a-3dec7de7a295","method":"GET","path":"/state","status":200,"durationMs":274,"ip":"::1"}
{"level":"info","time":"2026-04-01T20:29:38.308Z","service":"frontier-server","env":"development","channel":"http","requestId":"d2d3da9d-4054-47a0-b5f5-e23220ab024e","method":"GET","path":"/state","status":200,"durationMs":261,"ip":"::1"}
{"level":"info","time":"2026-04-01T20:29:48.547Z","service":"frontier-server","env":"development","channel":"http","requestId":"a207bedf-123b-4037-8b02-d0a29124f9ee","method":"GET","path":"/state","status":200,"durationMs":230,"ip":"::1"}
{"level":"info","time":"2026-04-01T20:29:58.826Z","service":"frontier-server","env":"development","channel":"http","requestId":"a1b213e5-2b8f-4bb4-8403-ef12da6c4945","method":"GET","path":"/state","status":200,"durationMs":263,"ip":"::1"}
{"level":"info","time":"2026-04-01T20:30:09.076Z","service":"frontier-server","env":"development","channel":"http","requestId":"e107b6b2-4120-4be9-8611-1828906f348b","method":"GET","path":"/state","status":200,"durationMs":239,"ip":"::1"}
{"level":"info","time":"2026-04-01T20:30:19.363Z","service":"frontier-server","env":"development","channel":"http","requestId":"ceea8cfc-82df-44eb-b7a6-dc29dc4756bf","method":"GET","path":"/state","status":200,"durationMs":272,"ip":"::1"}
{"level":"info","time":"2026-04-01T20:30:29.618Z","service":"frontier-server","env":"development","channel":"http","requestId":"94e0931e-5fa6-43be-ba94-00db1ea9e9f5","method":"GET","path":"/state","status":200,"durationMs":243,"ip":"::1"}
{"level":"info","time":"2026-04-01T20:30:39.936Z","service":"frontier-server","env":"development","channel":"http","requestId":"8c5b8ee2-f727-4ac6-a8a2-78f41caa504e","method":"GET","path":"/state","status":200,"durationMs":303,"ip":"::1"}
{"level":"info","time":"2026-04-01T20:30:50.251Z","service":"frontier-server","env":"development","channel":"http","requestId":"8680c489-7008-48d7-a48f-54d7abb4f9c2","method":"GET","path":"/state","status":200,"durationMs":304,"ip":"::1"}
{"level":"info","time":"2026-04-01T20:31:00.488Z","service":"frontier-server","env":"development","channel":"http","requestId":"3891eac4-c9fb-4deb-b0ff-6fc55b537ab5","method":"GET","path":"/state","status":200,"durationMs":220,"ip":"::1"}
{"level":"info","time":"2026-04-01T20:31:10.743Z","service":"frontier-server","env":"development","channel":"http","requestId":"bb2d4486-95e4-400d-a5d0-616669225890","method":"GET","path":"/state","status":200,"durationMs":246,"ip":"::1"}
{"level":"info","time":"2026-04-01T20:31:21.043Z","service":"frontier-server","env":"development","channel":"http","requestId":"33401075-233f-4f5a-91d7-7dec17f4d175","method":"GET","path":"/state","status":200,"durationMs":291,"ip":"::1"}
{"level":"info","time":"2026-04-01T20:31:31.383Z","service":"frontier-server","env":"development","channel":"http","requestId":"b45c0153-360c-4f26-9b31-ea23b7a46b8e","method":"GET","path":"/state","status":200,"durationMs":322,"ip":"::1"}
{"level":"info","time":"2026-04-01T20:31:41.736Z","service":"frontier-server","env":"development","channel":"http","requestId":"3e9da9cc-d008-4fbc-84d5-3fd376b0a70f","method":"GET","path":"/state","status":200,"durationMs":335,"ip":"::1"}
{"level":"info","time":"2026-04-01T20:31:52.002Z","service":"frontier-server","env":"development","channel":"http","requestId":"af16fc05-77cd-443f-bbd8-034cb8b7275a","method":"GET","path":"/state","status":200,"durationMs":250,"ip":"::1"}
{"level":"info","time":"2026-04-01T20:32:02.311Z","service":"frontier-server","env":"development","channel":"http","requestId":"475e2206-30d5-4747-9e86-72f4bf6d90c6","method":"GET","path":"/state","status":200,"durationMs":290,"ip":"::1"}
{"level":"info","time":"2026-04-01T20:32:12.613Z","service":"frontier-server","env":"development","channel":"http","requestId":"70219108-fa7d-4ffe-a9d9-0073db45745a","method":"GET","path":"/state","status":200,"durationMs":291,"ip":"::1"}
{"level":"info","time":"2026-04-01T20:32:22.902Z","service":"frontier-server","env":"development","channel":"http","requestId":"758dd351-ea0c-4350-b22a-f897fb9582bd","method":"GET","path":"/state","status":200,"durationMs":273,"ip":"::1"}
{"level":"info","time":"2026-04-01T20:32:33.181Z","service":"frontier-server","env":"development","channel":"http","requestId":"22db1715-fedf-4a02-b0f6-751987796152","method":"GET","path":"/state","status":200,"durationMs":271,"ip":"::1"}
{"level":"info","time":"2026-04-01T20:32:43.438Z","service":"frontier-server","env":"development","channel":"http","requestId":"de779a5b-d06c-4b1d-9bad-b24664dd82ae","method":"GET","path":"/state","status":200,"durationMs":242,"ip":"::1"}
{"level":"info","time":"2026-04-01T20:32:53.695Z","service":"frontier-server","env":"development","channel":"http","requestId":"d9262b08-bd31-4bf2-b6ae-4421b7c93618","method":"GET","path":"/state","status":200,"durationMs":246,"ip":"::1"}
{"level":"info","time":"2026-04-01T20:33:03.996Z","service":"frontier-server","env":"development","channel":"http","requestId":"226e9510-3657-41fd-8c91-771e374cc411","method":"GET","path":"/state","status":200,"durationMs":288,"ip":"::1"}
{"level":"info","time":"2026-04-01T20:33:14.240Z","service":"frontier-server","env":"development","channel":"http","requestId":"a7198bc7-47a1-44b9-a565-6e0a22c2caa2","method":"GET","path":"/state","status":200,"durationMs":232,"ip":"::1"}
{"level":"info","time":"2026-04-01T20:33:24.502Z","service":"frontier-server","env":"development","channel":"http","requestId":"a88c1205-76e3-490c-baa9-67badaf0f089","method":"GET","path":"/state","status":200,"durationMs":252,"ip":"::1"}
{"level":"info","time":"2026-04-01T20:33:34.841Z","service":"frontier-server","env":"development","channel":"http","requestId":"6b9f36ff-6cbf-406e-bd76-873941d174c7","method":"GET","path":"/state","status":200,"durationMs":327,"ip":"::1"}
{"level":"info","time":"2026-04-01T20:33:45.103Z","service":"frontier-server","env":"development","channel":"http","requestId":"0eea6678-a023-4477-beff-9813da4bfd9e","method":"GET","path":"/state","status":200,"durationMs":249,"ip":"::1"}
{"level":"info","time":"2026-04-01T20:33:55.352Z","service":"frontier-server","env":"development","channel":"http","requestId":"236aa187-6c2a-4207-95c7-4733465bbdeb","method":"GET","path":"/state","status":200,"durationMs":239,"ip":"::1"}
{"level":"info","time":"2026-04-01T20:34:05.667Z","service":"frontier-server","env":"development","channel":"http","requestId":"473cd768-ac62-430b-b518-883ed25c5af5","method":"GET","path":"/state","status":200,"durationMs":300,"ip":"::1"}
{"level":"info","time":"2026-04-01T20:34:15.911Z","service":"frontier-server","env":"development","channel":"http","requestId":"1a580c42-86f3-4772-b96c-1a760aefb821","method":"GET","path":"/state","status":200,"durationMs":231,"ip":"::1"}
{"level":"info","time":"2026-04-01T20:34:26.203Z","service":"frontier-server","env":"development","channel":"http","requestId":"7173170b-42c4-41a4-8aec-21559c64034d","method":"GET","path":"/state","status":200,"durationMs":281,"ip":"::1"}
{"level":"info","time":"2026-04-01T20:34:36.475Z","service":"frontier-server","env":"development","channel":"http","requestId":"cf96a017-db5b-481c-837f-42b6989dd73d","method":"GET","path":"/state","status":200,"durationMs":261,"ip":"::1"}
{"level":"info","time":"2026-04-01T20:34:46.758Z","service":"frontier-server","env":"development","channel":"http","requestId":"7659b0aa-1a4b-47ed-8077-94c0dc027c53","method":"GET","path":"/state","status":200,"durationMs":273,"ip":"::1"}
{"level":"info","time":"2026-04-01T20:34:57.032Z","service":"frontier-server","env":"development","channel":"http","requestId":"dbc867ce-93b9-43c9-9689-1788011b8993","method":"GET","path":"/state","status":200,"durationMs":263,"ip":"::1"}
{"level":"info","time":"2026-04-01T20:35:07.327Z","service":"frontier-server","env":"development","channel":"http","requestId":"34b8f8b9-494a-409b-93f0-2b7b145c7de6","method":"GET","path":"/state","status":200,"durationMs":275,"ip":"::1"}
{"level":"info","time":"2026-04-01T20:35:17.591Z","service":"frontier-server","env":"development","channel":"http","requestId":"21f2c25b-f0b1-42b7-9697-e875b8d68813","method":"GET","path":"/state","status":200,"durationMs":252,"ip":"::1"}
{"level":"info","time":"2026-04-01T20:35:27.839Z","service":"frontier-server","env":"development","channel":"http","requestId":"d961dd32-42ef-4ead-88c4-e48f929f84ea","method":"GET","path":"/state","status":200,"durationMs":237,"ip":"::1"}
{"level":"info","time":"2026-04-01T20:35:38.143Z","service":"frontier-server","env":"development","channel":"http","requestId":"d7957cb0-f248-430e-8d8a-94ab908db5cf","method":"GET","path":"/state","status":200,"durationMs":292,"ip":"::1"}
{"level":"info","time":"2026-04-01T20:35:48.386Z","service":"frontier-server","env":"development","channel":"http","requestId":"6208dc66-984a-412e-ad6e-453bba5abcd4","method":"GET","path":"/state","status":200,"durationMs":230,"ip":"::1"}
{"level":"info","time":"2026-04-01T20:35:58.699Z","service":"frontier-server","env":"development","channel":"http","requestId":"9675f3a4-8666-4180-80bb-6f7a6fe8633f","method":"GET","path":"/state","status":200,"durationMs":299,"ip":"::1"}
{"level":"info","time":"2026-04-01T20:36:08.984Z","service":"frontier-server","env":"development","channel":"http","requestId":"27101561-3baa-4f96-8246-8f4495e1c979","method":"GET","path":"/state","status":200,"durationMs":265,"ip":"::1"}
{"level":"info","time":"2026-04-01T20:36:19.273Z","service":"frontier-server","env":"development","channel":"http","requestId":"de548f8a-2748-49f5-8b44-bf887fd23092","method":"GET","path":"/state","status":200,"durationMs":277,"ip":"::1"}
{"level":"info","time":"2026-04-01T20:36:29.704Z","service":"frontier-server","env":"development","channel":"http","requestId":"9797453b-e6e4-477f-a812-1e1a8a5edaa6","method":"GET","path":"/state","status":200,"durationMs":415,"ip":"::1"}
{"level":"info","time":"2026-04-01T20:36:40.008Z","service":"frontier-server","env":"development","channel":"http","requestId":"70065057-3a46-45c8-8183-72d428963fdb","method":"GET","path":"/state","status":200,"durationMs":291,"ip":"::1"}
{"level":"info","time":"2026-04-01T20:36:50.275Z","service":"frontier-server","env":"development","channel":"http","requestId":"fce50344-e82f-498f-a085-64a28867d7f1","method":"GET","path":"/state","status":200,"durationMs":250,"ip":"::1"}
{"level":"info","time":"2026-04-01T20:37:00.623Z","service":"frontier-server","env":"development","channel":"http","requestId":"803aa732-5eb9-4399-a151-201439cc1c1b","method":"GET","path":"/state","status":200,"durationMs":333,"ip":"::1"}
{"level":"info","time":"2026-04-01T20:37:10.943Z","service":"frontier-server","env":"development","channel":"http","requestId":"a895625b-3727-4adb-af15-1f43f9ad9172","method":"GET","path":"/state","status":200,"durationMs":295,"ip":"::1"}
{"level":"info","time":"2026-04-01T20:37:21.200Z","service":"frontier-server","env":"development","channel":"http","requestId":"4770eb46-14cc-4337-a7f7-3ed8bc7c73f8","method":"GET","path":"/state","status":200,"durationMs":246,"ip":"::1"}
{"level":"info","time":"2026-04-01T20:37:31.539Z","service":"frontier-server","env":"development","channel":"http","requestId":"133c8939-22be-471d-840f-e499f81c8099","method":"GET","path":"/state","status":200,"durationMs":329,"ip":"::1"}
{"level":"info","time":"2026-04-01T20:37:41.867Z","service":"frontier-server","env":"development","channel":"http","requestId":"af3ebce9-3814-4b42-9de1-e98a2a065b2b","method":"GET","path":"/state","status":200,"durationMs":309,"ip":"::1"}
{"level":"info","time":"2026-04-01T20:37:52.118Z","service":"frontier-server","env":"development","channel":"http","requestId":"02a493ba-7a48-418d-be3e-b3b803f6f522","method":"GET","path":"/state","status":200,"durationMs":235,"ip":"::1"}
{"level":"info","time":"2026-04-01T20:38:02.399Z","service":"frontier-server","env":"development","channel":"http","requestId":"b00bc0dd-da57-45c7-be7e-9528601734ad","method":"GET","path":"/state","status":200,"durationMs":272,"ip":"::1"}
{"level":"info","time":"2026-04-01T20:38:12.689Z","service":"frontier-server","env":"development","channel":"http","requestId":"f09a725d-3f07-43d1-953b-4eea4dc4aa13","method":"GET","path":"/state","status":200,"durationMs":278,"ip":"::1"}
{"level":"info","time":"2026-04-01T20:38:22.976Z","service":"frontier-server","env":"development","channel":"http","requestId":"93f1794b-fe2b-4a41-8890-44306a6c96a0","method":"GET","path":"/state","status":200,"durationMs":273,"ip":"::1"}
{"level":"info","time":"2026-04-01T20:38:33.282Z","service":"frontier-server","env":"development","channel":"http","requestId":"1a373b97-8bb0-4999-9773-ffbaca49d3aa","method":"GET","path":"/state","status":200,"durationMs":295,"ip":"::1"}
{"level":"info","time":"2026-04-01T20:38:43.609Z","service":"frontier-server","env":"development","channel":"http","requestId":"cab7067d-a16e-45b6-8823-060b9c033e79","method":"GET","path":"/state","status":200,"durationMs":314,"ip":"::1"}
{"level":"info","time":"2026-04-01T20:38:53.861Z","service":"frontier-server","env":"development","channel":"http","requestId":"bde7bff3-98e9-4291-9d2a-64270f046430","method":"GET","path":"/state","status":200,"durationMs":234,"ip":"::1"}
{"level":"info","time":"2026-04-01T20:39:04.176Z","service":"frontier-server","env":"development","channel":"http","requestId":"129d7d67-2579-4daf-a845-6707fa84abac","method":"GET","path":"/state","status":200,"durationMs":301,"ip":"::1"}
{"level":"info","time":"2026-04-01T20:39:14.440Z","service":"frontier-server","env":"development","channel":"http","requestId":"785bea61-8fe3-45a2-b2c2-f84134ed57fb","method":"GET","path":"/state","status":200,"durationMs":253,"ip":"::1"}
{"level":"info","time":"2026-04-01T20:39:24.729Z","service":"frontier-server","env":"development","channel":"http","requestId":"af621286-5a49-451a-be5b-4e1c2ae1557a","method":"GET","path":"/state","status":200,"durationMs":277,"ip":"::1"}
{"level":"info","time":"2026-04-01T20:39:35.020Z","service":"frontier-server","env":"development","channel":"http","requestId":"6f7b66a5-497c-40a8-bef4-a2889995a683","method":"GET","path":"/state","status":200,"durationMs":276,"ip":"::1"}
{"level":"info","time":"2026-04-01T20:39:45.304Z","service":"frontier-server","env":"development","channel":"http","requestId":"3d6f3186-00fa-40c1-97c0-616c0dd62e2a","method":"GET","path":"/state","status":200,"durationMs":264,"ip":"::1"}
{"level":"info","time":"2026-04-01T20:39:55.576Z","service":"frontier-server","env":"development","channel":"http","requestId":"07cbd1ed-07fb-487c-b7a9-ddea1cb3d209","method":"GET","path":"/state","status":200,"durationMs":259,"ip":"::1"}
{"level":"info","time":"2026-04-01T20:40:05.849Z","service":"frontier-server","env":"development","channel":"http","requestId":"383051af-a9e8-47e1-9ba9-dca7863525a0","method":"GET","path":"/state","status":200,"durationMs":259,"ip":"::1"}
{"level":"info","time":"2026-04-01T20:40:11.930Z","service":"frontier-server","env":"development","channel":"http","requestId":"283d4abf-2ec8-4f59-a122-2bc7b2c67e02","method":"GET","path":"/reports","status":200,"durationMs":328,"ip":"::1"}
{"level":"info","time":"2026-04-01T20:40:12.318Z","service":"frontier-server","env":"development","channel":"http","requestId":"73b0809f-364c-487c-9259-bbc9c4ae6943","method":"GET","path":"/world/chunk","status":200,"durationMs":718,"ip":"::1"}
{"level":"info","time":"2026-04-01T20:40:12.656Z","service":"frontier-server","env":"development","channel":"http","requestId":"1d54c95f-1423-471c-b777-e5542562abf7","method":"GET","path":"/world/chunk","status":200,"durationMs":1048,"ip":"::1"}
{"level":"info","time":"2026-04-01T20:40:12.996Z","service":"frontier-server","env":"development","channel":"http","requestId":"ccdd5969-340e-4602-8352-a211befb5c4e","method":"GET","path":"/world/chunk","status":200,"durationMs":1385,"ip":"::1"}
{"level":"info","time":"2026-04-01T20:40:13.349Z","service":"frontier-server","env":"development","channel":"http","requestId":"a8697040-a57e-47ea-9e87-0c285cd342d6","method":"GET","path":"/world/chunk","status":200,"durationMs":1412,"ip":"::1"}
{"channel":"analytics","at":"2026-04-01T20:40:13.594Z","userId":"cmn2ww2qo0000o7r0t60eox5x","event":"hud_tab_opened","metadata":{"tab":"map"}}
{"level":"info","time":"2026-04-01T20:40:13.578Z","service":"frontier-server","env":"development","channel":"http","requestId":"d4554cb3-556e-4ca6-b924-bdc5be45758e","method":"GET","path":"/","status":304,"durationMs":1974,"ip":"::1"}
{"level":"info","time":"2026-04-01T20:40:13.595Z","service":"frontier-server","env":"development","channel":"http","requestId":"559f95de-ed4e-4b91-98ff-aa26c30dfadd","method":"POST","path":"/analytics","status":202,"durationMs":12,"ip":"::1"}
{"level":"info","time":"2026-04-01T20:40:13.957Z","service":"frontier-server","env":"development","channel":"http","requestId":"04ce3fb5-d89d-4282-ae68-f02c482996fe","method":"GET","path":"/world/chunk","status":200,"durationMs":2352,"ip":"::1"}
{"level":"info","time":"2026-04-01T20:40:14.258Z","service":"frontier-server","env":"development","channel":"http","requestId":"19de1742-7523-47f0-959c-de047860d9b1","method":"GET","path":"/world/chunk","status":200,"durationMs":1928,"ip":"::1"}
{"level":"info","time":"2026-04-01T20:40:14.552Z","service":"frontier-server","env":"development","channel":"http","requestId":"d8d34621-556c-48c7-9fcd-a6aff359b145","method":"GET","path":"/world/chunk","status":200,"durationMs":1550,"ip":"::1"}
{"level":"info","time":"2026-04-01T20:40:14.844Z","service":"frontier-server","env":"development","channel":"http","requestId":"5dfbd10c-54b2-42cb-bb80-4671377b44ce","method":"GET","path":"/world/chunk","status":200,"durationMs":2183,"ip":"::1"}
{"level":"info","time":"2026-04-01T20:40:15.141Z","service":"frontier-server","env":"development","channel":"http","requestId":"ee81f88f-6c59-4b87-941e-325bd212cec5","method":"GET","path":"/world/chunk","status":200,"durationMs":1784,"ip":"::1"}
{"level":"info","time":"2026-04-01T20:40:16.391Z","service":"frontier-server","env":"development","channel":"http","requestId":"1dbd70ff-ecb9-4e06-be61-996ae637de8e","method":"GET","path":"/state","status":200,"durationMs":355,"ip":"::1"}
{"level":"info","time":"2026-04-01T20:40:26.731Z","service":"frontier-server","env":"development","channel":"http","requestId":"acfe86f3-6c70-48cb-8111-de6cd0ac0015","method":"GET","path":"/state","status":200,"durationMs":329,"ip":"::1"}
{"level":"info","time":"2026-04-01T20:40:37.462Z","service":"frontier-server","env":"development","channel":"http","requestId":"802ddafe-949e-4ce3-ad3d-bc697215c1f3","method":"GET","path":"/state","status":200,"durationMs":322,"ip":"::1"}
{"level":"info","time":"2026-04-01T20:40:47.798Z","service":"frontier-server","env":"development","channel":"http","requestId":"a6eaf2a8-cc19-4fbc-9112-f61c68cbf74e","method":"GET","path":"/state","status":200,"durationMs":311,"ip":"::1"}
{"level":"info","time":"2026-04-01T20:40:58.538Z","service":"frontier-server","env":"development","channel":"http","requestId":"9071147e-9675-41d5-aa27-2b1379b281b9","method":"GET","path":"/state","status":200,"durationMs":309,"ip":"::1"}
{"level":"info","time":"2026-04-01T20:41:08.828Z","service":"frontier-server","env":"development","channel":"http","requestId":"6ea7c3c6-093c-4489-b66b-067c628ba2bd","method":"GET","path":"/state","status":200,"durationMs":274,"ip":"::1"}
{"level":"info","time":"2026-04-01T20:41:19.568Z","service":"frontier-server","env":"development","channel":"http","requestId":"57fecf30-7df5-4b7c-8367-569da48adb1e","method":"GET","path":"/state","status":200,"durationMs":347,"ip":"::1"}
{"level":"info","time":"2026-04-01T20:41:30.234Z","service":"frontier-server","env":"development","channel":"http","requestId":"4f44f90a-354e-4f62-a5cf-5cab9edb68f2","method":"GET","path":"/state","status":200,"durationMs":295,"ip":"::1"}
{"level":"info","time":"2026-04-01T20:41:40.743Z","service":"frontier-server","env":"development","channel":"http","requestId":"2e8bb307-a208-47a0-be0f-c6adab37f4b4","method":"GET","path":"/state","status":200,"durationMs":373,"ip":"::1"}
{"level":"info","time":"2026-04-01T20:41:51.601Z","service":"frontier-server","env":"development","channel":"http","requestId":"f952cdb5-9dfe-4d2f-b2e9-fe5084f1350e","method":"GET","path":"/state","status":200,"durationMs":316,"ip":"::1"}
{"level":"info","time":"2026-04-01T20:42:02.615Z","service":"frontier-server","env":"development","channel":"http","requestId":"edcffb2d-62e5-401b-ad8f-f69fb641189c","method":"GET","path":"/state","status":200,"durationMs":381,"ip":"::1"}
{"level":"info","time":"2026-04-01T20:42:13.319Z","service":"frontier-server","env":"development","channel":"http","requestId":"a593fcd2-2feb-4538-bafc-b0213e3eac4b","method":"GET","path":"/state","status":200,"durationMs":298,"ip":"::1"}
{"level":"info","time":"2026-04-01T20:42:23.777Z","service":"frontier-server","env":"development","channel":"http","requestId":"797639b6-67e2-4fec-b4dc-bc5d7bbf1e02","method":"GET","path":"/state","status":200,"durationMs":381,"ip":"::1"}
{"level":"info","time":"2026-04-01T20:42:34.390Z","service":"frontier-server","env":"development","channel":"http","requestId":"bacc4586-4748-498b-87fa-95182141acb2","method":"GET","path":"/state","status":200,"durationMs":339,"ip":"::1"}
{"level":"info","time":"2026-04-01T20:42:44.741Z","service":"frontier-server","env":"development","channel":"http","requestId":"dd18dc81-9725-420f-92c0-1589913199e2","method":"GET","path":"/state","status":200,"durationMs":293,"ip":"::1"}
{"level":"info","time":"2026-04-01T20:42:55.343Z","service":"frontier-server","env":"development","channel":"http","requestId":"7c11e3f6-260b-4ae1-a540-eab74f32dd5b","method":"GET","path":"/state","status":200,"durationMs":305,"ip":"::1"}
{"level":"info","time":"2026-04-01T20:43:05.751Z","service":"frontier-server","env":"development","channel":"http","requestId":"5c1a1c57-c2e6-4b70-8319-910fa752269d","method":"GET","path":"/state","status":200,"durationMs":318,"ip":"::1"}
{"level":"info","time":"2026-04-01T20:43:16.375Z","service":"frontier-server","env":"development","channel":"http","requestId":"e5c9c3a5-7091-48ee-bb10-3a3f57b9544e","method":"GET","path":"/state","status":200,"durationMs":301,"ip":"::1"}
{"level":"info","time":"2026-04-01T20:43:26.765Z","service":"frontier-server","env":"development","channel":"http","requestId":"37973f0a-ed94-4ce3-9b3c-b091a9b6a000","method":"GET","path":"/state","status":200,"durationMs":332,"ip":"::1"}
{"level":"info","time":"2026-04-01T20:43:37.512Z","service":"frontier-server","env":"development","channel":"http","requestId":"0691b9f8-be68-4f10-a089-8356a923f5b6","method":"GET","path":"/state","status":200,"durationMs":386,"ip":"::1"}
{"level":"info","time":"2026-04-01T20:43:47.932Z","service":"frontier-server","env":"development","channel":"http","requestId":"23b996c1-fd42-49ba-a7cf-f857d4aefe80","method":"GET","path":"/state","status":200,"durationMs":298,"ip":"::1"}
{"level":"info","time":"2026-04-01T20:43:58.474Z","service":"frontier-server","env":"development","channel":"http","requestId":"d235c7ec-b828-48e3-8ead-c8b89cc0b5dd","method":"GET","path":"/state","status":200,"durationMs":301,"ip":"::1"}
{"level":"info","time":"2026-04-01T20:44:08.890Z","service":"frontier-server","env":"development","channel":"http","requestId":"38080cf9-7f13-44e5-8067-8ef5777e8277","method":"GET","path":"/state","status":200,"durationMs":298,"ip":"::1"}
{"level":"info","time":"2026-04-01T20:44:19.482Z","service":"frontier-server","env":"development","channel":"http","requestId":"6ac61d38-9536-4fe5-9d15-0a62ff7292b5","method":"GET","path":"/state","status":200,"durationMs":293,"ip":"::1"}
{"level":"info","time":"2026-04-01T20:44:29.901Z","service":"frontier-server","env":"development","channel":"http","requestId":"01349609-b14e-4022-ba0b-a8c49ca3ec2c","method":"GET","path":"/state","status":200,"durationMs":368,"ip":"::1"}
{"level":"info","time":"2026-04-01T20:44:40.647Z","service":"frontier-server","env":"development","channel":"http","requestId":"7df2964e-fd13-4405-bef6-59b30739fd66","method":"GET","path":"/state","status":200,"durationMs":335,"ip":"::1"}
{"level":"info","time":"2026-04-01T20:44:51.801Z","service":"frontier-server","env":"development","channel":"http","requestId":"535260a9-f395-4c61-9bd9-a7496628128c","method":"GET","path":"/state","status":200,"durationMs":355,"ip":"::1"}
{"level":"info","time":"2026-04-01T20:45:02.669Z","service":"frontier-server","env":"development","channel":"http","requestId":"cb4a44e5-fa3c-499c-a2c2-abf42f7a3666","method":"GET","path":"/state","status":200,"durationMs":343,"ip":"::1"}
{"level":"info","time":"2026-04-01T20:45:13.596Z","service":"frontier-server","env":"development","channel":"http","requestId":"7b36db9d-0adb-4da9-a74d-3e53f5ad10b5","method":"GET","path":"/state","status":200,"durationMs":345,"ip":"::1"}
{"level":"info","time":"2026-04-01T20:45:24.513Z","service":"frontier-server","env":"development","channel":"http","requestId":"732aa2d8-8847-4ce6-b166-76d06dbc36c6","method":"GET","path":"/state","status":200,"durationMs":335,"ip":"::1"}
{"level":"info","time":"2026-04-01T20:45:34.910Z","service":"frontier-server","env":"development","channel":"http","requestId":"5b8cfc49-c0ea-4abf-99cd-6bdf3cd4de2f","method":"GET","path":"/state","status":200,"durationMs":283,"ip":"::1"}
{"level":"info","time":"2026-04-01T20:45:45.540Z","service":"frontier-server","env":"development","channel":"http","requestId":"4ed7e103-1d97-4af2-b3e0-6228a8804d88","method":"GET","path":"/state","status":200,"durationMs":317,"ip":"::1"}
{"level":"info","time":"2026-04-01T20:45:56.199Z","service":"frontier-server","env":"development","channel":"http","requestId":"a1dfe48e-95fa-40a4-a622-36f8a1301af8","method":"GET","path":"/state","status":200,"durationMs":313,"ip":"::1"}
{"level":"info","time":"2026-04-01T20:46:06.720Z","service":"frontier-server","env":"development","channel":"http","requestId":"11d52998-eba0-4508-a1d6-433453a5e4b6","method":"GET","path":"/state","status":200,"durationMs":368,"ip":"::1"}
{"level":"info","time":"2026-04-01T20:46:17.677Z","service":"frontier-server","env":"development","channel":"http","requestId":"32d9defe-39cb-46f6-b09c-9e8d0f430b45","method":"GET","path":"/state","status":200,"durationMs":290,"ip":"::1"}
{"level":"info","time":"2026-04-01T20:46:28.511Z","service":"frontier-server","env":"development","channel":"http","requestId":"3e180c45-b45a-4bf2-8aa5-a1388ae9f4b7","method":"GET","path":"/state","status":200,"durationMs":314,"ip":"::1"}
{"level":"info","time":"2026-04-01T20:46:38.850Z","service":"frontier-server","env":"development","channel":"http","requestId":"2daa2e83-8c98-402c-9344-0cae2e5f9630","method":"GET","path":"/state","status":200,"durationMs":292,"ip":"::1"}
{"level":"info","time":"2026-04-01T20:46:49.700Z","service":"frontier-server","env":"development","channel":"http","requestId":"a3e8c504-2347-4a27-8b13-ad7cf9baa205","method":"GET","path":"/state","status":200,"durationMs":330,"ip":"::1"}
{"level":"info","time":"2026-04-01T20:47:00.828Z","service":"frontier-server","env":"development","channel":"http","requestId":"d20ca367-a23f-42c6-a461-a02121be5a8f","method":"GET","path":"/state","status":200,"durationMs":359,"ip":"::1"}
{"level":"info","time":"2026-04-01T20:47:11.894Z","service":"frontier-server","env":"development","channel":"http","requestId":"fdd3887e-93f1-4266-ae71-194798dad0f7","method":"GET","path":"/state","status":200,"durationMs":302,"ip":"::1"}
{"level":"info","time":"2026-04-01T20:47:22.698Z","service":"frontier-server","env":"development","channel":"http","requestId":"0cd0549f-53ef-48c0-a065-37495822ca99","method":"GET","path":"/state","status":200,"durationMs":317,"ip":"::1"}
{"level":"info","time":"2026-04-01T20:47:33.705Z","service":"frontier-server","env":"development","channel":"http","requestId":"1811cf65-35f3-4fc1-8594-8c46f038568f","method":"GET","path":"/state","status":200,"durationMs":329,"ip":"::1"}
{"level":"info","time":"2026-04-01T20:47:44.840Z","service":"frontier-server","env":"development","channel":"http","requestId":"5614fea8-cddb-4b4b-8db5-8b48b70c3e18","method":"GET","path":"/state","status":200,"durationMs":376,"ip":"::1"}
{"level":"info","time":"2026-04-01T20:47:55.716Z","service":"frontier-server","env":"development","channel":"http","requestId":"40a65062-2747-4d1a-aace-c99b689916a4","method":"GET","path":"/state","status":200,"durationMs":334,"ip":"::1"}
{"level":"info","time":"2026-04-01T20:48:06.845Z","service":"frontier-server","env":"development","channel":"http","requestId":"e7c70478-863e-42af-b252-5df79319c445","method":"GET","path":"/state","status":200,"durationMs":360,"ip":"::1"}
{"level":"info","time":"2026-04-01T20:48:17.788Z","service":"frontier-server","env":"development","channel":"http","requestId":"bc10a4d4-c656-498c-8559-419acc5bcc67","method":"GET","path":"/state","status":200,"durationMs":320,"ip":"::1"}
{"level":"info","time":"2026-04-01T20:48:29.069Z","service":"frontier-server","env":"development","channel":"http","requestId":"28733367-1c8d-4834-b3af-69afd729c41e","method":"GET","path":"/state","status":200,"durationMs":303,"ip":"::1"}
{"level":"info","time":"2026-04-01T20:48:39.787Z","service":"frontier-server","env":"development","channel":"http","requestId":"92452f77-6f52-4c75-8ac1-129be8edf036","method":"GET","path":"/state","status":200,"durationMs":278,"ip":"::1"}
{"level":"info","time":"2026-04-01T20:48:50.908Z","service":"frontier-server","env":"development","channel":"http","requestId":"a517a95a-4ecd-4f54-a44e-69be130a4941","method":"GET","path":"/state","status":200,"durationMs":371,"ip":"::1"}
{"level":"info","time":"2026-04-01T20:49:01.911Z","service":"frontier-server","env":"development","channel":"http","requestId":"6a0ba3f3-4de0-4d0b-8a94-2a033787cc8c","method":"GET","path":"/state","status":200,"durationMs":297,"ip":"::1"}
{"level":"info","time":"2026-04-01T20:49:12.750Z","service":"frontier-server","env":"development","channel":"http","requestId":"45f83311-bf0e-4647-9891-992385befed8","method":"GET","path":"/state","status":200,"durationMs":300,"ip":"::1"}
{"level":"info","time":"2026-04-01T20:49:23.686Z","service":"frontier-server","env":"development","channel":"http","requestId":"80871d0e-211e-4e55-a614-5bb809380cb1","method":"GET","path":"/state","status":200,"durationMs":290,"ip":"::1"}
{"level":"info","time":"2026-04-01T20:49:34.665Z","service":"frontier-server","env":"development","channel":"http","requestId":"5341673f-9dc4-4100-b953-6bc450587e04","method":"GET","path":"/state","status":200,"durationMs":316,"ip":"::1"}
{"level":"info","time":"2026-04-01T20:49:45.824Z","service":"frontier-server","env":"development","channel":"http","requestId":"be01cc7f-d46a-40fb-a6c4-94eff05653c3","method":"GET","path":"/state","status":200,"durationMs":465,"ip":"::1"}
{"level":"info","time":"2026-04-01T20:49:56.932Z","service":"frontier-server","env":"development","channel":"http","requestId":"b8b3bd9f-f935-400f-97ce-bf3d63e3eb37","method":"GET","path":"/state","status":200,"durationMs":280,"ip":"::1"}
{"level":"info","time":"2026-04-01T20:50:07.967Z","service":"frontier-server","env":"development","channel":"http","requestId":"df787a1f-695b-4d43-b825-f45e0fc51d49","method":"GET","path":"/state","status":200,"durationMs":287,"ip":"::1"}
{"level":"info","time":"2026-04-01T20:50:18.934Z","service":"frontier-server","env":"development","channel":"http","requestId":"b054aa98-7294-48f5-ba9d-c6f1c5bb14b8","method":"GET","path":"/state","status":200,"durationMs":280,"ip":"::1"}
{"level":"info","time":"2026-04-01T20:50:30.087Z","service":"frontier-server","env":"development","channel":"http","requestId":"cb2cc1dd-f2fe-4d46-ba0b-8c96c3411ec2","method":"GET","path":"/state","status":200,"durationMs":403,"ip":"::1"}
{"level":"info","time":"2026-04-01T20:50:41.026Z","service":"frontier-server","env":"development","channel":"http","requestId":"7b2565eb-8b1a-475d-90e4-5b692b412548","method":"GET","path":"/state","status":200,"durationMs":342,"ip":"::1"}
{"level":"info","time":"2026-04-01T20:50:51.806Z","service":"frontier-server","env":"development","channel":"http","requestId":"d350c14f-efe5-4e68-b905-3dd94371e6cb","method":"GET","path":"/state","status":200,"durationMs":326,"ip":"::1"}
{"level":"info","time":"2026-04-01T20:51:02.935Z","service":"frontier-server","env":"development","channel":"http","requestId":"4dc54cba-0809-457f-9633-5554cd8e7589","method":"GET","path":"/state","status":200,"durationMs":351,"ip":"::1"}
{"level":"info","time":"2026-04-01T20:51:13.902Z","service":"frontier-server","env":"development","channel":"http","requestId":"b139cbaf-153b-4331-b1fb-04f8870cab5b","method":"GET","path":"/state","status":200,"durationMs":286,"ip":"::1"}
{"level":"info","time":"2026-04-01T20:51:24.873Z","service":"frontier-server","env":"development","channel":"http","requestId":"a836ff28-c7d6-4b97-9d1f-22d3f9f88565","method":"GET","path":"/state","status":200,"durationMs":322,"ip":"::1"}
{"level":"info","time":"2026-04-01T20:51:36.321Z","service":"frontier-server","env":"development","channel":"http","requestId":"a1d41bcc-b2a2-4888-9d8f-1c14e4f02dfb","method":"GET","path":"/state","status":200,"durationMs":321,"ip":"::1"}
{"level":"info","time":"2026-04-01T20:51:46.970Z","service":"frontier-server","env":"development","channel":"http","requestId":"10029d9b-89b4-498f-a0ca-925c598507d3","method":"GET","path":"/state","status":200,"durationMs":362,"ip":"::1"}
{"level":"debug","time":"2026-04-01T20:51:52.672Z","service":"frontier-server","env":"development","userId":"cmn2ww2qo0000o7r0t60eox5x","channel":"ws","msg":"WebSocket disconnected"}
{"level":"info","time":"2026-04-01T20:51:52.807Z","service":"frontier-server","env":"development","channel":"http","requestId":"f05e9760-9d45-41f3-98f4-95b9ecb946e7","method":"GET","path":"/me","status":304,"durationMs":51,"ip":"::1"}
{"level":"info","time":"2026-04-01T20:51:52.916Z","service":"frontier-server","env":"development","channel":"http","requestId":"b699f190-b83e-40c6-ba5f-f2b083464370","method":"GET","path":"/mailbox","status":304,"durationMs":156,"ip":"::1"}
{"level":"info","time":"2026-04-01T20:51:52.918Z","service":"frontier-server","env":"development","channel":"http","requestId":"a4aac82f-7697-4018-a58f-338197607ccd","method":"GET","path":"/entitlements","status":304,"durationMs":151,"ip":"::1"}
{"level":"info","time":"2026-04-01T20:51:52.936Z","service":"frontier-server","env":"development","channel":"http","requestId":"f0f221cd-ef97-4ded-a84c-646beddb3476","method":"GET","path":"/catalog","status":304,"durationMs":174,"ip":"::1"}
{"level":"info","time":"2026-04-01T20:51:53.084Z","service":"frontier-server","env":"development","channel":"http","requestId":"1d4beac3-5f16-42c8-8d17-8e789253c43e","method":"GET","path":"/state","status":200,"durationMs":325,"ip":"::1"}
{"level":"debug","time":"2026-04-01T20:51:53.510Z","service":"frontier-server","env":"development","userId":"cmn2ww2qo0000o7r0t60eox5x","channel":"ws","msg":"WebSocket connected"}
{"level":"info","time":"2026-04-01T20:52:04.495Z","service":"frontier-server","env":"development","channel":"http","requestId":"1f841eb4-b13a-436e-b70c-812d5ee0388d","method":"GET","path":"/state","status":200,"durationMs":328,"ip":"::1"}
{"level":"info","time":"2026-04-01T20:52:15.754Z","service":"frontier-server","env":"development","channel":"http","requestId":"58d71459-2bb4-459e-9580-27a6c3f890ac","method":"GET","path":"/state","status":200,"durationMs":291,"ip":"::1"}
{"level":"info","time":"2026-04-01T20:52:27.088Z","service":"frontier-server","env":"development","channel":"http","requestId":"415ca887-cb65-42be-89d7-bab98e65c6c9","method":"GET","path":"/state","status":200,"durationMs":462,"ip":"::1"}
{"level":"info","time":"2026-04-01T20:52:38.229Z","service":"frontier-server","env":"development","channel":"http","requestId":"ba5058b9-e353-4b4a-a3ef-870f0a194917","method":"GET","path":"/state","status":200,"durationMs":315,"ip":"::1"}
{"level":"info","time":"2026-04-01T20:52:49.330Z","service":"frontier-server","env":"development","channel":"http","requestId":"ff54573c-c863-4e9d-acf0-798c72ed81ac","method":"GET","path":"/state","status":200,"durationMs":297,"ip":"::1"}
{"level":"info","time":"2026-04-01T20:52:59.804Z","service":"frontier-server","env":"development","channel":"http","requestId":"ab14c167-e3d8-4f47-bac4-6bc27880bdd3","method":"GET","path":"/state","status":200,"durationMs":281,"ip":"::1"}
{"level":"info","time":"2026-04-01T20:53:11.384Z","service":"frontier-server","env":"development","channel":"http","requestId":"cdb62943-1cf7-4017-ba3a-947c57cf831c","method":"GET","path":"/state","status":200,"durationMs":369,"ip":"::1"}
{"level":"info","time":"2026-04-01T20:53:22.481Z","service":"frontier-server","env":"development","channel":"http","requestId":"dc246840-204a-431c-9e3e-57f3b63db1d4","method":"GET","path":"/state","status":200,"durationMs":343,"ip":"::1"}
{"level":"info","time":"2026-04-01T20:53:33.805Z","service":"frontier-server","env":"development","channel":"http","requestId":"b67a8291-3cf2-4957-93ad-24ce9f8f562c","method":"GET","path":"/state","status":200,"durationMs":324,"ip":"::1"}
{"level":"info","time":"2026-04-01T20:53:45.348Z","service":"frontier-server","env":"development","channel":"http","requestId":"8f842a47-fa61-4326-ae4c-2768c9f274c2","method":"GET","path":"/state","status":200,"durationMs":271,"ip":"::1"}
{"level":"info","time":"2026-04-01T20:53:57.012Z","service":"frontier-server","env":"development","channel":"http","requestId":"73678cdc-431b-4605-ad83-dac55f969344","method":"GET","path":"/state","status":200,"durationMs":317,"ip":"::1"}
{"level":"info","time":"2026-04-01T20:54:08.344Z","service":"frontier-server","env":"development","channel":"http","requestId":"41d5d2e1-e1e3-4db7-9408-4c8225dc3984","method":"GET","path":"/state","status":200,"durationMs":330,"ip":"::1"}
{"level":"info","time":"2026-04-01T20:54:19.857Z","service":"frontier-server","env":"development","channel":"http","requestId":"b65b3597-82d6-4db5-b767-3a6481a01d9f","method":"GET","path":"/state","status":200,"durationMs":302,"ip":"::1"}
{"level":"info","time":"2026-04-01T20:54:31.488Z","service":"frontier-server","env":"development","channel":"http","requestId":"33dfff52-238e-43b7-92b0-e3a48715bb3c","method":"GET","path":"/state","status":200,"durationMs":356,"ip":"::1"}
{"level":"info","time":"2026-04-01T20:54:43.384Z","service":"frontier-server","env":"development","channel":"http","requestId":"22f7530c-2f1a-440b-8a31-b888fdbfe59b","method":"GET","path":"/state","status":200,"durationMs":406,"ip":"::1"}
{"level":"info","time":"2026-04-01T20:54:55.187Z","service":"frontier-server","env":"development","channel":"http","requestId":"60f8bbc7-0ce5-4447-9b9e-820f287fa2a5","method":"GET","path":"/state","status":200,"durationMs":323,"ip":"::1"}
{"level":"info","time":"2026-04-01T20:55:06.763Z","service":"frontier-server","env":"development","channel":"http","requestId":"9a739706-723a-4e80-a2fb-64a54c8cf0bf","method":"GET","path":"/state","status":200,"durationMs":300,"ip":"::1"}
{"level":"info","time":"2026-04-01T20:55:18.646Z","service":"frontier-server","env":"development","channel":"http","requestId":"f585f755-7999-4649-a8e8-d2cf217167a3","method":"GET","path":"/state","status":200,"durationMs":284,"ip":"::1"}
{"level":"info","time":"2026-04-01T20:55:30.212Z","service":"frontier-server","env":"development","channel":"http","requestId":"666777ea-322e-4d23-a32a-552b92058892","method":"GET","path":"/state","status":200,"durationMs":330,"ip":"::1"}
{"level":"info","time":"2026-04-01T20:55:41.833Z","service":"frontier-server","env":"development","channel":"http","requestId":"32d03bd5-4127-4284-9695-8cbcce9067cb","method":"GET","path":"/state","status":200,"durationMs":288,"ip":"::1"}
{"level":"info","time":"2026-04-01T20:55:53.189Z","service":"frontier-server","env":"development","channel":"http","requestId":"12e72471-c94d-4251-93db-03e91ad10290","method":"GET","path":"/state","status":200,"durationMs":285,"ip":"::1"}
{"level":"info","time":"2026-04-01T20:56:04.656Z","service":"frontier-server","env":"development","channel":"http","requestId":"ba662b9a-4843-4e74-8ea9-27b2c5d08300","method":"GET","path":"/state","status":200,"durationMs":298,"ip":"::1"}
{"level":"info","time":"2026-04-01T20:56:15.826Z","service":"frontier-server","env":"development","channel":"http","requestId":"9f6d3940-744a-4d38-81ff-de4f2a5deb4f","method":"GET","path":"/state","status":200,"durationMs":310,"ip":"::1"}
{"level":"info","time":"2026-04-01T20:56:27.163Z","service":"frontier-server","env":"development","channel":"http","requestId":"6bd8659c-139f-4814-b94b-b967d87bd8fa","method":"GET","path":"/state","status":200,"durationMs":300,"ip":"::1"}
{"level":"info","time":"2026-04-01T20:56:39.042Z","service":"frontier-server","env":"development","channel":"http","requestId":"d662e9ff-961c-41c2-80ff-5d2be66554c0","method":"GET","path":"/state","status":200,"durationMs":283,"ip":"::1"}
{"level":"info","time":"2026-04-01T20:56:50.693Z","service":"frontier-server","env":"development","channel":"http","requestId":"c5c762c3-6a32-4773-8d3a-584b26c590ec","method":"GET","path":"/state","status":200,"durationMs":286,"ip":"::1"}
{"level":"info","time":"2026-04-01T20:57:02.581Z","service":"frontier-server","env":"development","channel":"http","requestId":"dfe033a7-4fa5-41d8-9898-53941f900dc7","method":"GET","path":"/state","status":200,"durationMs":446,"ip":"::1"}
{"level":"info","time":"2026-04-01T20:57:14.487Z","service":"frontier-server","env":"development","channel":"http","requestId":"b3570459-08ae-463c-87c5-fe1dbdb105ea","method":"GET","path":"/state","status":200,"durationMs":289,"ip":"::1"}
{"level":"info","time":"2026-04-01T20:57:26.262Z","service":"frontier-server","env":"development","channel":"http","requestId":"c626f5a1-d3d1-473f-9121-f1ebf4bb483a","method":"GET","path":"/state","status":200,"durationMs":286,"ip":"::1"}
{"level":"info","time":"2026-04-01T20:57:37.968Z","service":"frontier-server","env":"development","channel":"http","requestId":"026e1a9d-9605-4d07-9698-5fd048432161","method":"GET","path":"/state","status":200,"durationMs":304,"ip":"::1"}
{"level":"info","time":"2026-04-01T20:57:49.682Z","service":"frontier-server","env":"development","channel":"http","requestId":"1836bf31-0991-4144-bdb5-9cf2f5f65dd4","method":"GET","path":"/state","status":200,"durationMs":331,"ip":"::1"}
{"level":"info","time":"2026-04-01T20:58:01.467Z","service":"frontier-server","env":"development","channel":"http","requestId":"1b97410c-0a66-4f92-b159-9ebf4e070b81","method":"GET","path":"/state","status":200,"durationMs":398,"ip":"::1"}
{"level":"info","time":"2026-04-01T20:58:13.656Z","service":"frontier-server","env":"development","channel":"http","requestId":"4827cb01-f576-411b-84f0-a4b138378053","method":"GET","path":"/state","status":200,"durationMs":300,"ip":"::1"}
{"level":"info","time":"2026-04-01T20:58:25.274Z","service":"frontier-server","env":"development","channel":"http","requestId":"b02c8707-1366-46fb-87c8-7f99a04f5e19","method":"GET","path":"/state","status":200,"durationMs":289,"ip":"::1"}
{"level":"info","time":"2026-04-01T20:58:37.360Z","service":"frontier-server","env":"development","channel":"http","requestId":"b6463b38-b9bd-49e8-896d-b8f0417750ae","method":"GET","path":"/state","status":200,"durationMs":275,"ip":"::1"}
{"level":"debug","time":"2026-04-01T20:58:44.002Z","service":"frontier-server","env":"development","userId":"cmn2ww2qo0000o7r0t60eox5x","channel":"ws","msg":"WebSocket disconnected"}
{"level":"info","time":"2026-04-01T20:58:45.058Z","service":"frontier-server","env":"development","channel":"http","requestId":"406ec462-4e16-4cab-bf1f-61aa53b68f79","method":"GET","path":"/world/chunk","status":304,"durationMs":619,"ip":"::1"}
{"level":"info","time":"2026-04-01T20:58:45.276Z","service":"frontier-server","env":"development","channel":"http","requestId":"4bfd9a51-5c16-4bb3-8336-bd67533921cc","method":"GET","path":"/reports","status":304,"durationMs":834,"ip":"::1"}
{"level":"info","time":"2026-04-01T20:58:45.682Z","service":"frontier-server","env":"development","channel":"http","requestId":"81c646f9-5ee2-48b5-a80e-c3d2c1930e71","method":"GET","path":"/world/chunk","status":304,"durationMs":1224,"ip":"::1"}
{"level":"info","time":"2026-04-01T20:58:46.081Z","service":"frontier-server","env":"development","channel":"http","requestId":"e78d659a-fe6f-492e-84f9-83782bb13d79","method":"GET","path":"/world/chunk","status":304,"durationMs":1624,"ip":"::1"}
{"level":"info","time":"2026-04-01T20:58:46.450Z","service":"frontier-server","env":"development","channel":"http","requestId":"3e7b7c9d-ba99-4bf7-baff-e3c1725d5ff1","method":"GET","path":"/world/chunk","status":304,"durationMs":1166,"ip":"::1"}
{"level":"info","time":"2026-04-01T20:58:46.817Z","service":"frontier-server","env":"development","channel":"http","requestId":"2d6ff960-2a50-4b5e-bb5a-3b4e36d501ca","method":"GET","path":"/world/chunk","status":304,"durationMs":1129,"ip":"::1"}
{"level":"info","time":"2026-04-01T20:58:46.858Z","service":"frontier-server","env":"development","channel":"http","requestId":"f7b4196f-2589-42c6-aa03-c6cf81918170","method":"GET","path":"/me","status":304,"durationMs":34,"ip":"::1"}
{"level":"info","time":"2026-04-01T20:58:47.265Z","service":"frontier-server","env":"development","channel":"http","requestId":"296614a7-0b24-46f2-9644-9d67b7aae8cb","method":"GET","path":"/world/chunk","status":304,"durationMs":2810,"ip":"::1"}
{"level":"info","time":"2026-04-01T20:58:47.323Z","service":"frontier-server","env":"development","channel":"http","requestId":"7c70f73d-e879-48b1-ace0-f24e9053b1c6","method":"GET","path":"/mailbox","status":304,"durationMs":52,"ip":"::1"}
{"level":"info","time":"2026-04-01T20:58:47.394Z","service":"frontier-server","env":"development","channel":"http","requestId":"6d5758cd-7951-4fd6-aaca-895a32dd7866","method":"GET","path":"/catalog","status":304,"durationMs":63,"ip":"::1"}
{"level":"info","time":"2026-04-01T20:58:47.453Z","service":"frontier-server","env":"development","channel":"http","requestId":"fe9235c8-9d69-495c-a397-cd0eab3bf37e","method":"GET","path":"/entitlements","status":304,"durationMs":52,"ip":"::1"}
{"channel":"analytics","at":"2026-04-01T20:58:47.475Z","userId":"cmn2ww2qo0000o7r0t60eox5x","event":"hud_tab_opened","metadata":{"tab":"map"}}
{"level":"info","time":"2026-04-01T20:58:47.477Z","service":"frontier-server","env":"development","channel":"http","requestId":"d3b7d202-0740-413b-be48-5b52958e663c","method":"POST","path":"/analytics","status":202,"durationMs":18,"ip":"::1"}
{"level":"info","time":"2026-04-01T20:58:47.596Z","service":"frontier-server","env":"development","channel":"http","requestId":"c8998f7c-0e7a-4d21-9958-d0e3821914fe","method":"GET","path":"/world/chunk","status":304,"durationMs":1139,"ip":"::1"}
{"level":"info","time":"2026-04-01T20:58:47.824Z","service":"frontier-server","env":"development","channel":"http","requestId":"266a5fbb-66d3-4f84-b3a6-28291d549e5d","method":"GET","path":"/state","status":200,"durationMs":960,"ip":"::1"}
{"level":"info","time":"2026-04-01T20:58:48.102Z","service":"frontier-server","env":"development","channel":"http","requestId":"bcb02d21-1c18-44d9-9e1d-77b35df5a013","method":"GET","path":"/","status":304,"durationMs":3658,"ip":"::1"}
{"level":"info","time":"2026-04-01T20:58:48.429Z","service":"frontier-server","env":"development","channel":"http","requestId":"2c2d654a-1984-4c1f-8a49-fbcb9eba6aa7","method":"GET","path":"/world/chunk","status":304,"durationMs":2342,"ip":"::1"}
{"level":"info","time":"2026-04-01T20:58:48.744Z","service":"frontier-server","env":"development","channel":"http","requestId":"383aa9fa-1bdd-4240-8d85-d9c38c00312e","method":"GET","path":"/world/chunk","status":304,"durationMs":3678,"ip":"::1"}
{"level":"debug","time":"2026-04-01T20:59:06.320Z","service":"frontier-server","env":"development","userId":"cmn2ww2qo0000o7r0t60eox5x","channel":"ws","msg":"WebSocket connected"}
{"level":"info","time":"2026-04-01T20:59:17.233Z","service":"frontier-server","env":"development","channel":"http","requestId":"e20ca1c3-a1f9-493f-85d9-8f0374c3f6e8","method":"GET","path":"/state","status":200,"durationMs":279,"ip":"::1"}
{"level":"info","time":"2026-04-01T20:59:27.517Z","service":"frontier-server","env":"development","channel":"http","requestId":"0b4b113f-e740-4046-a1fb-a65829cc05ff","method":"GET","path":"/state","status":200,"durationMs":269,"ip":"::1"}
{"level":"info","time":"2026-04-01T20:59:38.368Z","service":"frontier-server","env":"development","channel":"http","requestId":"70a38d6c-f360-4538-9307-e47a4da098c8","method":"GET","path":"/state","status":200,"durationMs":292,"ip":"::1"}
{"level":"info","time":"2026-04-01T20:59:48.708Z","service":"frontier-server","env":"development","channel":"http","requestId":"3b847664-7498-4763-b147-b5cbe8aed905","method":"GET","path":"/state","status":200,"durationMs":288,"ip":"::1"}
{"level":"info","time":"2026-04-01T20:59:59.312Z","service":"frontier-server","env":"development","channel":"http","requestId":"776b31b8-5956-4ca7-b2fd-f540a0017ced","method":"GET","path":"/state","status":200,"durationMs":282,"ip":"::1"}
{"level":"info","time":"2026-04-01T21:00:09.626Z","service":"frontier-server","env":"development","channel":"http","requestId":"93e068cd-f9ab-4596-ba03-fba26d7b6343","method":"GET","path":"/state","status":200,"durationMs":262,"ip":"::1"}
{"level":"info","time":"2026-04-01T21:00:20.522Z","service":"frontier-server","env":"development","channel":"http","requestId":"b890f57d-75ed-4de5-a263-322bd875102c","method":"GET","path":"/state","status":200,"durationMs":290,"ip":"::1"}
{"level":"info","time":"2026-04-01T21:00:31.267Z","service":"frontier-server","env":"development","channel":"http","requestId":"cd121832-470d-4758-b676-946f5cdbadaa","method":"GET","path":"/state","status":200,"durationMs":305,"ip":"::1"}
{"level":"info","time":"2026-04-01T21:00:41.637Z","service":"frontier-server","env":"development","channel":"http","requestId":"5a2c2346-765b-4629-bd53-44c182f6b88a","method":"GET","path":"/state","status":200,"durationMs":257,"ip":"::1"}
{"level":"info","time":"2026-04-01T21:00:52.211Z","service":"frontier-server","env":"development","channel":"http","requestId":"879bda6d-6761-44b3-bd43-fea2d164d97d","method":"GET","path":"/state","status":200,"durationMs":262,"ip":"::1"}
{"level":"info","time":"2026-04-01T21:01:02.957Z","service":"frontier-server","env":"development","channel":"http","requestId":"c0858107-45e5-44e5-9c2c-d287acb66305","method":"GET","path":"/state","status":200,"durationMs":319,"ip":"::1"}
{"level":"debug","time":"2026-04-01T21:01:04.078Z","service":"frontier-server","env":"development","userId":"cmn2ww2qo0000o7r0t60eox5x","channel":"ws","msg":"WebSocket disconnected"}
{"channel":"analytics","at":"2026-04-01T21:01:04.690Z","userId":"cmn2ww2qo0000o7r0t60eox5x","event":"hud_tab_opened","metadata":{"tab":"map"}}
{"channel":"analytics","at":"2026-04-01T21:01:04.695Z","userId":"cmn2ww2qo0000o7r0t60eox5x","event":"hud_tab_opened","metadata":{"tab":"map"}}
{"level":"info","time":"2026-04-01T21:01:04.674Z","service":"frontier-server","env":"development","channel":"http","requestId":"80a6c3b1-82cb-42ec-a1c0-1391d960beb5","method":"GET","path":"/bootstrap","status":304,"durationMs":3,"ip":"::1"}
{"level":"info","time":"2026-04-01T21:01:04.691Z","service":"frontier-server","env":"development","channel":"http","requestId":"2f91bdbd-96c1-44d5-ad86-420b75c2e2f5","method":"POST","path":"/analytics","status":202,"durationMs":13,"ip":"::1"}
{"level":"info","time":"2026-04-01T21:01:04.695Z","service":"frontier-server","env":"development","channel":"http","requestId":"5c524e39-57a3-4689-beab-b39c825a796c","method":"POST","path":"/analytics","status":202,"durationMs":13,"ip":"::1"}
{"level":"info","time":"2026-04-01T21:01:04.706Z","service":"frontier-server","env":"development","channel":"http","requestId":"14e8e06c-a737-478d-bd91-7a4b75961d96","method":"GET","path":"/me","status":304,"durationMs":30,"ip":"::1"}
{"level":"info","time":"2026-04-01T21:01:04.766Z","service":"frontier-server","env":"development","channel":"http","requestId":"83f647a8-e734-4bce-b979-dc76f5eaca93","method":"GET","path":"/mailbox","status":304,"durationMs":43,"ip":"::1"}
{"level":"info","time":"2026-04-01T21:01:04.771Z","service":"frontier-server","env":"development","channel":"http","requestId":"a10bc0b5-8e02-44fe-afae-3324516dcd44","method":"GET","path":"/entitlements","status":304,"durationMs":42,"ip":"::1"}
{"level":"info","time":"2026-04-01T21:01:04.778Z","service":"frontier-server","env":"development","channel":"http","requestId":"20db49a0-bab8-4698-97c0-cbbe17155d36","method":"GET","path":"/catalog","status":304,"durationMs":52,"ip":"::1"}
{"level":"info","time":"2026-04-01T21:01:04.965Z","service":"frontier-server","env":"development","channel":"http","requestId":"e9a4e0a4-b0bf-49e3-becf-0755597aa6b4","method":"GET","path":"/state","status":200,"durationMs":244,"ip":"::1"}
{"channel":"analytics","at":"2026-04-01T21:01:09.175Z","userId":"cmn2ww2qo0000o7r0t60eox5x","event":"hud_tab_opened","metadata":{"tab":"map"}}
{"channel":"analytics","at":"2026-04-01T21:01:09.180Z","userId":"cmn2ww2qo0000o7r0t60eox5x","event":"hud_tab_opened","metadata":{"tab":"map"}}
{"level":"info","time":"2026-04-01T21:01:09.162Z","service":"frontier-server","env":"development","channel":"http","requestId":"a26c47a6-5dd3-4839-964e-3d42cc23b97f","method":"GET","path":"/bootstrap","status":304,"durationMs":0,"ip":"::1"}
{"level":"info","time":"2026-04-01T21:01:09.176Z","service":"frontier-server","env":"development","channel":"http","requestId":"0a822af4-0672-4447-90b2-c717a140da5f","method":"POST","path":"/analytics","status":202,"durationMs":10,"ip":"::1"}
{"level":"info","time":"2026-04-01T21:01:09.180Z","service":"frontier-server","env":"development","channel":"http","requestId":"97ce2b1e-24b2-431b-a8ef-9bbeb157b102","method":"POST","path":"/analytics","status":202,"durationMs":12,"ip":"::1"}
{"level":"info","time":"2026-04-01T21:01:09.190Z","service":"frontier-server","env":"development","channel":"http","requestId":"44c8b350-0c85-4369-96b4-41261b20018f","method":"GET","path":"/me","status":304,"durationMs":25,"ip":"::1"}
{"level":"info","time":"2026-04-01T21:01:09.247Z","service":"frontier-server","env":"development","channel":"http","requestId":"62fe5411-640f-4aa0-9c1a-e3dae5e51e80","method":"GET","path":"/entitlements","status":304,"durationMs":43,"ip":"::1"}
{"level":"info","time":"2026-04-01T21:01:09.248Z","service":"frontier-server","env":"development","channel":"http","requestId":"1d4d08b5-e034-4c0f-babe-1ea890b8787f","method":"GET","path":"/mailbox","status":304,"durationMs":45,"ip":"::1"}
{"level":"info","time":"2026-04-01T21:01:09.257Z","service":"frontier-server","env":"development","channel":"http","requestId":"b950edd7-16e4-481b-a47a-881e54bb4c2c","method":"GET","path":"/catalog","status":304,"durationMs":54,"ip":"::1"}
{"level":"info","time":"2026-04-01T21:01:09.475Z","service":"frontier-server","env":"development","channel":"http","requestId":"332547f2-c774-440c-ad43-4036f56db252","method":"GET","path":"/state","status":200,"durationMs":274,"ip":"::1"}
