
> @frontier/server@0.0.1 dev C:\Users\Emre\Desktop\Online Strateji oyunu\apps\server
> tsx watch src/index.ts

[telemetry] OpenTelemetry disabled (OTEL_ENABLED != true)
{"level":"info","time":"2026-06-28T19:13:41.422Z","service":"frontier-server","env":"development","port":3101,"env":"development","realtimeAdapter":"in_memory","redisConfigured":false,"msg":"Frontier Dominion server started"}
{"level":"info","time":"2026-06-28T19:13:42.200Z","service":"frontier-server","env":"development","channel":"http","requestId":"e97c9138-315c-44df-a6a2-dc9511761e5f","method":"GET","path":"/api/health","status":200,"durationMs":4,"ip":"::1"}
{"level":"info","time":"2026-06-28T19:14:47.285Z","service":"frontier-server","env":"development","channel":"http","requestId":"fd96e99a-a503-46f9-b1b0-b0fa7a3ba775","method":"GET","path":"/bootstrap","status":200,"durationMs":1,"ip":"::1"}
{"level":"info","time":"2026-06-28T19:14:47.287Z","service":"frontier-server","env":"development","channel":"http","requestId":"001032dd-5cd4-43f5-a3cb-f60aece9e819","method":"GET","path":"/me","status":200,"durationMs":1,"ip":"::1"}
{"channel":"audit","event":"auth.login","at":"2026-06-28T19:14:49.965Z","payload":{"userId":"cmn2ww2qo0000o7r0t60eox5x","username":"demo_alpha"}}
{"level":"info","time":"2026-06-28T19:14:49.976Z","service":"frontier-server","env":"development","channel":"http","requestId":"1372f6a4-3f98-41ac-af83-a98a145166e6","method":"POST","path":"/login","status":200,"durationMs":173,"ip":"::1"}
{"level":"info","time":"2026-06-28T19:14:50.025Z","service":"frontier-server","env":"development","channel":"http","requestId":"d0c80e77-8ac2-401e-baa7-4a8cc8b1b1da","method":"GET","path":"/me","status":200,"durationMs":41,"ip":"::1"}
{"channel":"analytics","at":"2026-06-28T19:14:50.098Z","userId":"cmn2ww2qo0000o7r0t60eox5x","event":"hud_tab_opened","metadata":{"tab":"dashboard"}}
{"channel":"analytics","at":"2026-06-28T19:14:50.101Z","userId":"cmn2ww2qo0000o7r0t60eox5x","event":"hud_tab_opened","metadata":{"tab":"dashboard"}}
{"level":"info","time":"2026-06-28T19:14:50.100Z","service":"frontier-server","env":"development","channel":"http","requestId":"974d725c-5135-44d8-b750-c206b7e2c6d4","method":"POST","path":"/analytics","status":202,"durationMs":45,"ip":"::1"}
{"level":"info","time":"2026-06-28T19:14:50.102Z","service":"frontier-server","env":"development","channel":"http","requestId":"7c37a2b5-3a76-4cd3-a573-5b71e53840e2","method":"POST","path":"/analytics","status":202,"durationMs":41,"ip":"::1"}
{"level":"info","time":"2026-06-28T19:14:50.162Z","service":"frontier-server","env":"development","channel":"http","requestId":"58b79fad-9f8b-4f02-a2a4-f5906d25f180","method":"GET","path":"/mailbox","status":200,"durationMs":114,"ip":"::1"}
{"level":"info","time":"2026-06-28T19:14:50.165Z","service":"frontier-server","env":"development","channel":"http","requestId":"4753883d-6f47-4884-8db5-86ee3b65b92f","method":"GET","path":"/entitlements","status":200,"durationMs":112,"ip":"::1"}
{"level":"info","time":"2026-06-28T19:14:50.181Z","service":"frontier-server","env":"development","channel":"http","requestId":"a0c829fb-aa92-4907-9acd-ae54fdcfda69","method":"GET","path":"/catalog","status":200,"durationMs":129,"ip":"::1"}
{"level":"info","time":"2026-06-28T19:14:50.227Z","service":"frontier-server","env":"development","channel":"http","requestId":"2adbd4ea-3b36-4dc1-9808-5d262235f67f","method":"GET","path":"/state","status":200,"durationMs":181,"ip":"::1"}
{"channel":"analytics","at":"2026-06-28T19:14:50.336Z","userId":"cmn2ww2qo0000o7r0t60eox5x","event":"tutorial_started","metadata":{"cityId":"cmn2ww2ra0002o7r0bk22yy8e"}}
{"level":"info","time":"2026-06-28T19:14:50.338Z","service":"frontier-server","env":"development","channel":"http","requestId":"babaac5c-559f-4b3d-a55c-cb55117317f6","method":"POST","path":"/analytics","status":202,"durationMs":18,"ip":"::1"}
{"level":"info","time":"2026-06-28T19:14:50.366Z","service":"frontier-server","env":"development","channel":"http","requestId":"f6c75266-8734-4929-b23d-d93851fa4071","method":"GET","path":"/inventory","status":200,"durationMs":48,"ip":"::1"}
{"level":"info","time":"2026-06-28T19:14:50.394Z","service":"frontier-server","env":"development","channel":"http","requestId":"6d058452-7d7e-4ee5-9b0a-0b5ce061438d","method":"GET","path":"/events","status":200,"durationMs":75,"ip":"::1"}
{"level":"info","time":"2026-06-28T19:14:50.465Z","service":"frontier-server","env":"development","channel":"http","requestId":"6dc07bd5-bf9f-417c-b552-f4ef727ffcc5","method":"GET","path":"/tasks","status":200,"durationMs":152,"ip":"::1"}
{"channel":"analytics","at":"2026-06-28T19:14:50.551Z","userId":"cmn2ww2qo0000o7r0t60eox5x","event":"tutorial_step_seen","metadata":{"taskId":"cmn2ww2t8000zo7r0jgsrbukv"}}
{"level":"info","time":"2026-06-28T19:14:50.552Z","service":"frontier-server","env":"development","channel":"http","requestId":"bc1b4cba-ae44-4ccd-a056-383fac70fd59","method":"POST","path":"/analytics","status":202,"durationMs":18,"ip":"::1"}
{"level":"debug","time":"2026-06-28T19:14:50.619Z","service":"frontier-server","env":"development","userId":"cmn2ww2qo0000o7r0t60eox5x","channel":"ws","msg":"WebSocket connected"}
{"level":"info","time":"2026-06-28T19:14:50.637Z","service":"frontier-server","env":"development","channel":"http","requestId":"7153da00-8068-4633-b7b7-bb90b142f813","method":"GET","path":"/state","status":200,"durationMs":152,"ip":"::1"}
{"level":"info","time":"2026-06-28T19:14:50.800Z","service":"frontier-server","env":"development","channel":"http","requestId":"c2d4744f-8c3b-4708-9de2-f09b8fdc9632","method":"GET","path":"/state","status":200,"durationMs":160,"ip":"::1"}
{"level":"info","time":"2026-06-28T19:14:50.938Z","service":"frontier-server","env":"development","channel":"http","requestId":"1659696b-8597-49bd-985c-42ee7d0a642a","method":"GET","path":"/state","status":200,"durationMs":133,"ip":"::1"}
{"level":"info","time":"2026-06-28T19:14:51.103Z","service":"frontier-server","env":"development","channel":"http","requestId":"496364f5-732f-4925-b88c-e49f9262c3a1","method":"GET","path":"/state","status":200,"durationMs":156,"ip":"::1"}
{"level":"info","time":"2026-06-28T19:14:51.251Z","service":"frontier-server","env":"development","channel":"http","requestId":"250e961a-6726-4e39-9445-287157da4210","method":"GET","path":"/state","status":200,"durationMs":141,"ip":"::1"}
{"level":"info","time":"2026-06-28T19:14:51.395Z","service":"frontier-server","env":"development","channel":"http","requestId":"15383431-665e-47eb-a070-79886b5f9bce","method":"GET","path":"/state","status":200,"durationMs":139,"ip":"::1"}
{"level":"debug","time":"2026-06-28T19:14:57.276Z","service":"frontier-server","env":"development","userId":"cmn2ww2qo0000o7r0t60eox5x","channel":"ws","msg":"WebSocket disconnected"}
{"level":"info","time":"2026-06-28T19:15:51.620Z","service":"frontier-server","env":"development","channel":"http","requestId":"7e519682-4567-418a-b89f-9d4cc569ab6d","method":"GET","path":"/bootstrap","status":200,"durationMs":1,"ip":"::1"}
{"level":"info","time":"2026-06-28T19:15:51.622Z","service":"frontier-server","env":"development","channel":"http","requestId":"81154568-8c21-4f04-830b-f0ec8ea62ba5","method":"GET","path":"/me","status":200,"durationMs":1,"ip":"::1"}
{"channel":"audit","event":"auth.login","at":"2026-06-28T19:15:54.318Z","payload":{"userId":"cmn2ww2qo0000o7r0t60eox5x","username":"demo_alpha"}}
{"channel":"analytics","at":"2026-06-28T19:15:54.406Z","userId":"cmn2ww2qo0000o7r0t60eox5x","event":"hud_tab_opened","metadata":{"tab":"dashboard"}}
{"channel":"analytics","at":"2026-06-28T19:15:54.409Z","userId":"cmn2ww2qo0000o7r0t60eox5x","event":"hud_tab_opened","metadata":{"tab":"dashboard"}}
{"channel":"analytics","at":"2026-06-28T19:15:54.628Z","userId":"cmn2ww2qo0000o7r0t60eox5x","event":"hud_tab_opened","metadata":{"tab":"map"}}
{"channel":"analytics","at":"2026-06-28T19:15:54.632Z","userId":"cmn2ww2qo0000o7r0t60eox5x","event":"hud_tab_opened","metadata":{"tab":"map"}}
{"level":"info","time":"2026-06-28T19:15:54.327Z","service":"frontier-server","env":"development","channel":"http","requestId":"c5b4029d-49d6-4826-9f1c-a5266a79abe3","method":"POST","path":"/login","status":200,"durationMs":139,"ip":"::1"}
{"level":"info","time":"2026-06-28T19:15:54.358Z","service":"frontier-server","env":"development","channel":"http","requestId":"59e6eb34-f436-4ac3-a00f-98e160ccb013","method":"GET","path":"/me","status":200,"durationMs":22,"ip":"::1"}
{"level":"info","time":"2026-06-28T19:15:54.407Z","service":"frontier-server","env":"development","channel":"http","requestId":"ffdd7f45-782d-4717-b591-534e8f25ab2b","method":"POST","path":"/analytics","status":202,"durationMs":15,"ip":"::1"}
{"level":"info","time":"2026-06-28T19:15:54.410Z","service":"frontier-server","env":"development","channel":"http","requestId":"92a5a7b4-9ce1-4902-ad34-a2eb6ce2573d","method":"POST","path":"/analytics","status":202,"durationMs":16,"ip":"::1"}
{"level":"info","time":"2026-06-28T19:15:54.613Z","service":"frontier-server","env":"development","channel":"http","requestId":"60072d9f-64bf-4a66-9ab3-1c434a57116a","method":"GET","path":"/bootstrap","status":304,"durationMs":1,"ip":"::1"}
{"level":"info","time":"2026-06-28T19:15:54.631Z","service":"frontier-server","env":"development","channel":"http","requestId":"02b6d22b-8ce9-4c75-a6e3-7d42afe337f1","method":"POST","path":"/analytics","status":202,"durationMs":14,"ip":"::1"}
{"level":"info","time":"2026-06-28T19:15:54.633Z","service":"frontier-server","env":"development","channel":"http","requestId":"eba56574-6a49-4789-8693-9daa3ee76460","method":"POST","path":"/analytics","status":202,"durationMs":13,"ip":"::1"}
{"level":"info","time":"2026-06-28T19:15:54.644Z","service":"frontier-server","env":"development","channel":"http","requestId":"8f8575fa-8721-4698-920a-ad326b2395f2","method":"GET","path":"/me","status":304,"durationMs":30,"ip":"::1"}
{"level":"info","time":"2026-06-28T19:15:54.701Z","service":"frontier-server","env":"development","channel":"http","requestId":"b3da47d3-cb36-4a6b-872d-909936b18da4","method":"GET","path":"/entitlements","status":200,"durationMs":41,"ip":"::1"}
{"level":"info","time":"2026-06-28T19:15:54.702Z","service":"frontier-server","env":"development","channel":"http","requestId":"40854fd9-cde3-4567-9a7c-cb7d96d402cb","method":"GET","path":"/mailbox","status":200,"durationMs":44,"ip":"::1"}
{"level":"info","time":"2026-06-28T19:15:54.709Z","service":"frontier-server","env":"development","channel":"http","requestId":"a6ffc40b-868c-4454-aed7-3d430ccf61fa","method":"GET","path":"/catalog","status":200,"durationMs":48,"ip":"::1"}
{"level":"info","time":"2026-06-28T19:15:54.826Z","service":"frontier-server","env":"development","channel":"http","requestId":"d4d3081f-8e54-4410-a03b-aee223e10b1c","method":"GET","path":"/state","status":200,"durationMs":171,"ip":"::1"}
{"level":"debug","time":"2026-06-28T19:15:56.520Z","service":"frontier-server","env":"development","userId":"cmn2ww2qo0000o7r0t60eox5x","channel":"ws","msg":"WebSocket connected"}
{"level":"info","time":"2026-06-28T19:15:56.743Z","service":"frontier-server","env":"development","channel":"http","requestId":"d2c12def-03db-4519-9bfb-b031cbd868ab","method":"GET","path":"/world/chunk","status":200,"durationMs":570,"ip":"::1"}
{"level":"info","time":"2026-06-28T19:15:56.972Z","service":"frontier-server","env":"development","channel":"http","requestId":"f3441f7f-f19a-4818-9dd7-b7201d4d35d8","method":"GET","path":"/reports","status":200,"durationMs":798,"ip":"::1"}
{"level":"info","time":"2026-06-28T19:15:57.347Z","service":"frontier-server","env":"development","channel":"http","requestId":"1dee3e42-1444-4815-b223-42525091838f","method":"GET","path":"/world/chunk","status":200,"durationMs":1152,"ip":"::1"}
{"level":"info","time":"2026-06-28T19:15:57.714Z","service":"frontier-server","env":"development","channel":"http","requestId":"df26aaa2-6968-4ad9-89e2-c89664b98dc9","method":"GET","path":"/world/chunk","status":200,"durationMs":946,"ip":"::1"}
{"level":"info","time":"2026-06-28T19:15:58.200Z","service":"frontier-server","env":"development","channel":"http","requestId":"0b469b82-014e-4c6b-b161-0949d044d095","method":"GET","path":"/world/chunk","status":200,"durationMs":2010,"ip":"::1"}
{"channel":"analytics","at":"2026-06-28T19:15:58.437Z","userId":"cmn2ww2qo0000o7r0t60eox5x","event":"hud_tab_opened","metadata":{"tab":"map"}}
{"level":"info","time":"2026-06-28T19:15:58.425Z","service":"frontier-server","env":"development","channel":"http","requestId":"eaa3655b-45aa-4d7c-a443-1135205d67c6","method":"GET","path":"/world/chunk","status":200,"durationMs":1065,"ip":"::1"}
{"level":"info","time":"2026-06-28T19:15:58.438Z","service":"frontier-server","env":"development","channel":"http","requestId":"16adeaf2-eff0-4767-bbe0-9e8cbc74ab3d","method":"POST","path":"/analytics","status":202,"durationMs":7,"ip":"::1"}
{"level":"info","time":"2026-06-28T19:15:58.628Z","service":"frontier-server","env":"development","channel":"http","requestId":"0b3eb664-8b84-46d5-89fd-589042c3a758","method":"GET","path":"/world/chunk","status":200,"durationMs":814,"ip":"::1"}
{"level":"info","time":"2026-06-28T19:15:58.855Z","service":"frontier-server","env":"development","channel":"http","requestId":"f82cc298-8598-44e9-980b-88b71dadc080","method":"GET","path":"/world/chunk","status":200,"durationMs":2663,"ip":"::1"}
{"level":"info","time":"2026-06-28T19:15:59.025Z","service":"frontier-server","env":"development","channel":"http","requestId":"23624a2b-0ef1-44f7-a181-5b054d81b527","method":"GET","path":"/world/chunk","status":200,"durationMs":815,"ip":"::1"}
{"level":"info","time":"2026-06-28T19:15:59.219Z","service":"frontier-server","env":"development","channel":"http","requestId":"09a8b826-a364-4342-94d3-004397220b90","method":"GET","path":"/world/chunk","status":200,"durationMs":2237,"ip":"::1"}
{"level":"info","time":"2026-06-28T19:15:59.330Z","service":"frontier-server","env":"development","channel":"http","requestId":"07c7c1b8-d307-4979-ab8b-5a31891ff509","method":"GET","path":"/","status":200,"durationMs":3149,"ip":"::1"}
{"level":"info","time":"2026-06-28T19:16:06.384Z","service":"frontier-server","env":"development","channel":"http","requestId":"acc3f8f7-c4ee-4cbd-b274-6390ab6b364c","method":"GET","path":"/state","status":200,"durationMs":181,"ip":"::1"}
{"level":"info","time":"2026-06-28T19:16:17.218Z","service":"frontier-server","env":"development","channel":"http","requestId":"83b245bc-998d-4d05-9112-fd8aea5ae2e1","method":"GET","path":"/state","status":200,"durationMs":265,"ip":"::1"}
{"level":"info","time":"2026-06-28T19:16:28.173Z","service":"frontier-server","env":"development","channel":"http","requestId":"d8d5a9e8-0d8a-4cf5-87a9-223228e7eb86","method":"GET","path":"/state","status":200,"durationMs":353,"ip":"::1"}
{"level":"debug","time":"2026-06-28T19:16:28.890Z","service":"frontier-server","env":"development","userId":"cmn2ww2qo0000o7r0t60eox5x","channel":"ws","msg":"WebSocket disconnected"}
{"level":"info","time":"2026-06-28T19:18:32.970Z","service":"frontier-server","env":"development","channel":"http","requestId":"9c4efab0-3d8a-4e2b-8cf6-2ca28ecd7492","method":"GET","path":"/bootstrap","status":200,"durationMs":1,"ip":"::1"}
{"level":"info","time":"2026-06-28T19:18:32.971Z","service":"frontier-server","env":"development","channel":"http","requestId":"fe0cd591-8f74-4eb9-9df9-c00473fb6cf5","method":"GET","path":"/me","status":200,"durationMs":1,"ip":"::1"}
{"channel":"audit","event":"auth.login","at":"2026-06-28T19:18:33.909Z","payload":{"userId":"cmn2ww2qo0000o7r0t60eox5x","username":"demo_alpha"}}
{"level":"info","time":"2026-06-28T19:18:33.912Z","service":"frontier-server","env":"development","channel":"http","requestId":"172407eb-f49c-437a-bce4-e5de413058f5","method":"POST","path":"/login","status":200,"durationMs":263,"ip":"::1"}
{"level":"info","time":"2026-06-28T19:18:34.000Z","service":"frontier-server","env":"development","channel":"http","requestId":"b26aaf14-24e6-452a-a899-bb35c79a0fc4","method":"GET","path":"/me","status":200,"durationMs":58,"ip":"::1"}
{"channel":"analytics","at":"2026-06-28T19:18:34.125Z","userId":"cmn2ww2qo0000o7r0t60eox5x","event":"hud_tab_opened","metadata":{"tab":"dashboard"}}
{"channel":"analytics","at":"2026-06-28T19:18:34.129Z","userId":"cmn2ww2qo0000o7r0t60eox5x","event":"hud_tab_opened","metadata":{"tab":"dashboard"}}
{"level":"info","time":"2026-06-28T19:18:34.129Z","service":"frontier-server","env":"development","channel":"http","requestId":"fe5dafde-e26a-487c-9e67-1a8930ae8b6e","method":"POST","path":"/analytics","status":202,"durationMs":36,"ip":"::1"}
{"level":"info","time":"2026-06-28T19:18:34.139Z","service":"frontier-server","env":"development","channel":"http","requestId":"7a4a80cb-ff0a-4ef5-b9b4-366030b9abfa","method":"POST","path":"/analytics","status":202,"durationMs":42,"ip":"::1"}
{"level":"info","time":"2026-06-28T19:18:34.415Z","service":"frontier-server","env":"development","channel":"http","requestId":"cea1f262-32a1-4179-b6a8-239c30537a46","method":"GET","path":"/bootstrap","status":304,"durationMs":1,"ip":"::1"}
{"channel":"analytics","at":"2026-06-28T19:18:34.470Z","userId":"cmn2ww2qo0000o7r0t60eox5x","event":"hud_tab_opened","metadata":{"tab":"map"}}
{"channel":"analytics","at":"2026-06-28T19:18:34.481Z","userId":"cmn2ww2qo0000o7r0t60eox5x","event":"hud_tab_opened","metadata":{"tab":"map"}}
{"level":"info","time":"2026-06-28T19:18:34.472Z","service":"frontier-server","env":"development","channel":"http","requestId":"65083fd1-8d5d-4603-94dc-dccd1b0cd9a4","method":"POST","path":"/analytics","status":202,"durationMs":23,"ip":"::1"}
{"level":"info","time":"2026-06-28T19:18:34.483Z","service":"frontier-server","env":"development","channel":"http","requestId":"b49ed9b4-01a8-489d-ae5c-eaafd40b6829","method":"POST","path":"/analytics","status":202,"durationMs":30,"ip":"::1"}
{"level":"info","time":"2026-06-28T19:18:34.529Z","service":"frontier-server","env":"development","channel":"http","requestId":"c8d85d70-e840-4117-8595-99e5c7263d55","method":"GET","path":"/me","status":304,"durationMs":85,"ip":"::1"}
{"level":"info","time":"2026-06-28T19:18:34.724Z","service":"frontier-server","env":"development","channel":"http","requestId":"f54fe434-5298-456c-a957-5215d1c9c505","method":"GET","path":"/entitlements","status":200,"durationMs":156,"ip":"::1"}
{"level":"info","time":"2026-06-28T19:18:34.727Z","service":"frontier-server","env":"development","channel":"http","requestId":"dd5a9f3d-1c0a-4527-a8ba-fe99c803faf3","method":"GET","path":"/mailbox","status":200,"durationMs":166,"ip":"::1"}
{"level":"info","time":"2026-06-28T19:18:34.748Z","service":"frontier-server","env":"development","channel":"http","requestId":"e30d3fe3-9f00-4040-919c-c78201e07658","method":"GET","path":"/catalog","status":200,"durationMs":172,"ip":"::1"}
{"level":"info","time":"2026-06-28T19:18:34.935Z","service":"frontier-server","env":"development","channel":"http","requestId":"583f700a-a1f8-45ca-940a-7571bc177406","method":"GET","path":"/state","status":200,"durationMs":376,"ip":"::1"}
{"level":"debug","time":"2026-06-28T19:18:35.985Z","service":"frontier-server","env":"development","userId":"cmn2ww2qo0000o7r0t60eox5x","channel":"ws","msg":"WebSocket connected"}
{"level":"info","time":"2026-06-28T19:18:36.159Z","service":"frontier-server","env":"development","channel":"http","requestId":"4f10bf8a-1313-42af-9ce7-2d0603e22c20","method":"GET","path":"/reports","status":200,"durationMs":515,"ip":"::1"}
{"level":"info","time":"2026-06-28T19:18:36.711Z","service":"frontier-server","env":"development","channel":"http","requestId":"54cd35b6-27cc-4b88-ba7e-00be0116ce48","method":"GET","path":"/world/chunk","status":200,"durationMs":1081,"ip":"::1"}
{"level":"info","time":"2026-06-28T19:18:37.865Z","service":"frontier-server","env":"development","channel":"http","requestId":"52531a89-c70e-44d5-97ad-c879a79ed796","method":"GET","path":"/world/chunk","status":200,"durationMs":2205,"ip":"::1"}
{"level":"info","time":"2026-06-28T19:18:38.442Z","service":"frontier-server","env":"development","channel":"http","requestId":"aaf96349-4f9f-456c-9b25-3233bf4fff5b","method":"GET","path":"/world/chunk","status":200,"durationMs":2789,"ip":"::1"}
{"level":"info","time":"2026-06-28T19:18:38.623Z","service":"frontier-server","env":"development","channel":"http","requestId":"295897b4-821b-4de6-a837-f9d6ecc3a7bd","method":"GET","path":"/","status":200,"durationMs":2977,"ip":"::1"}
{"channel":"analytics","at":"2026-06-28T19:18:38.970Z","userId":"cmn2ww2qo0000o7r0t60eox5x","event":"hud_tab_opened","metadata":{"tab":"map"}}
{"level":"info","time":"2026-06-28T19:18:38.950Z","service":"frontier-server","env":"development","channel":"http","requestId":"ce44ad17-d8f0-4410-ac14-9d3323b706d5","method":"GET","path":"/world/chunk","status":200,"durationMs":1954,"ip":"::1"}
{"level":"info","time":"2026-06-28T19:18:38.971Z","service":"frontier-server","env":"development","channel":"http","requestId":"dff627cf-06f0-4af1-88ad-c3e93fdcc009","method":"POST","path":"/analytics","status":202,"durationMs":13,"ip":"::1"}
{"level":"info","time":"2026-06-28T19:18:39.220Z","service":"frontier-server","env":"development","channel":"http","requestId":"2bf9de80-4569-4379-80a8-c4c2f18f0e4f","method":"GET","path":"/world/chunk","status":200,"durationMs":3564,"ip":"::1"}
{"level":"info","time":"2026-06-28T19:18:39.510Z","service":"frontier-server","env":"development","channel":"http","requestId":"c359a67b-9dde-4aba-b412-687f75608f68","method":"GET","path":"/world/chunk","status":200,"durationMs":3309,"ip":"::1"}
{"level":"info","time":"2026-06-28T19:18:39.752Z","service":"frontier-server","env":"development","channel":"http","requestId":"a9886a22-2a18-4f8d-98ee-2191f4c91d51","method":"GET","path":"/world/chunk","status":200,"durationMs":1291,"ip":"::1"}
{"level":"info","time":"2026-06-28T19:18:40.027Z","service":"frontier-server","env":"development","channel":"http","requestId":"cf791dee-770a-41ab-9270-221973028856","method":"GET","path":"/world/chunk","status":200,"durationMs":2139,"ip":"::1"}
{"level":"info","time":"2026-06-28T19:18:40.319Z","service":"frontier-server","env":"development","channel":"http","requestId":"67b5341c-7b2a-459d-a515-3e3ba1a0a723","method":"GET","path":"/world/chunk","status":200,"durationMs":1685,"ip":"::1"}
{"level":"info","time":"2026-06-28T19:18:47.302Z","service":"frontier-server","env":"development","channel":"http","requestId":"c7dab072-8a92-4ac3-b78a-d03eb4bf3a09","method":"GET","path":"/state","status":200,"durationMs":694,"ip":"::1"}
{"level":"info","time":"2026-06-28T19:18:50.215Z","service":"frontier-server","env":"development","channel":"http","requestId":"5797c345-1aea-4469-9108-bd86240ab791","method":"GET","path":"/world/chunk","status":200,"durationMs":889,"ip":"::1"}
{"level":"info","time":"2026-06-28T19:18:50.446Z","service":"frontier-server","env":"development","channel":"http","requestId":"5ce3d558-65e5-4b6a-bdc5-d0c576870167","method":"GET","path":"/world/chunk","status":200,"durationMs":1190,"ip":"::1"}
{"level":"info","time":"2026-06-28T19:18:50.778Z","service":"frontier-server","env":"development","channel":"http","requestId":"3c89e080-1677-4686-9d9a-5219e4a82504","method":"GET","path":"/world/chunk","status":200,"durationMs":1425,"ip":"::1"}
{"level":"info","time":"2026-06-28T19:18:51.000Z","service":"frontier-server","env":"development","channel":"http","requestId":"93dfd208-a889-49d3-9c4d-1b1b38a1b742","method":"GET","path":"/world/chunk","status":200,"durationMs":776,"ip":"::1"}
{"level":"info","time":"2026-06-28T19:18:51.239Z","service":"frontier-server","env":"development","channel":"http","requestId":"0630b908-9656-4c3d-bbab-0605f95662cc","method":"GET","path":"/world/chunk","status":200,"durationMs":784,"ip":"::1"}
{"level":"info","time":"2026-06-28T19:18:51.491Z","service":"frontier-server","env":"development","channel":"http","requestId":"0ed9aa95-8d0d-45b8-9f90-ccfd1fcbdb55","method":"GET","path":"/world/chunk","status":200,"durationMs":702,"ip":"::1"}
{"level":"info","time":"2026-06-28T19:18:51.858Z","service":"frontier-server","env":"development","channel":"http","requestId":"9f683189-b548-4a21-807c-3f2deb40bb7f","method":"GET","path":"/world/chunk","status":200,"durationMs":2504,"ip":"::1"}
{"level":"info","time":"2026-06-28T19:18:52.366Z","service":"frontier-server","env":"development","channel":"http","requestId":"4cb6315a-97b4-439b-a2ae-e18d86b240a8","method":"GET","path":"/world/chunk","status":200,"durationMs":3028,"ip":"::1"}
{"level":"info","time":"2026-06-28T19:18:53.227Z","service":"frontier-server","env":"development","channel":"http","requestId":"a985a275-9637-452e-8dd6-aeb8142d9be4","method":"GET","path":"/world/chunk","status":304,"durationMs":1724,"ip":"::1"}
{"level":"info","time":"2026-06-28T19:18:53.622Z","service":"frontier-server","env":"development","channel":"http","requestId":"9948993d-7f22-4795-8e5b-5fb514130a1d","method":"GET","path":"/world/chunk","status":200,"durationMs":4315,"ip":"::1"}
{"level":"info","time":"2026-06-28T19:18:54.110Z","service":"frontier-server","env":"development","channel":"http","requestId":"d97d5ab9-9922-4e13-94d4-0103140d1b37","method":"GET","path":"/world/chunk","status":304,"durationMs":2850,"ip":"::1"}
{"level":"info","time":"2026-06-28T19:18:54.646Z","service":"frontier-server","env":"development","channel":"http","requestId":"850e666f-25e9-4e4c-a36e-3fbfa0200574","method":"GET","path":"/world/chunk","status":304,"durationMs":3633,"ip":"::1"}
{"level":"info","time":"2026-06-28T19:18:55.074Z","service":"frontier-server","env":"development","channel":"http","requestId":"5846da28-52e6-4c2b-9793-bfe89a3e9dca","method":"GET","path":"/world/chunk","status":304,"durationMs":1813,"ip":"::1"}
{"level":"info","time":"2026-06-28T19:18:55.412Z","service":"frontier-server","env":"development","channel":"http","requestId":"8e05ce58-b3b7-4b60-962b-9f3586162d85","method":"GET","path":"/world/chunk","status":304,"durationMs":1284,"ip":"::1"}
{"level":"info","time":"2026-06-28T19:18:55.698Z","service":"frontier-server","env":"development","channel":"http","requestId":"4fdbbcb5-8c0c-42ba-9cbc-e04b6598b5a8","method":"GET","path":"/world/chunk","status":304,"durationMs":1998,"ip":"::1"}
{"level":"info","time":"2026-06-28T19:18:56.258Z","service":"frontier-server","env":"development","channel":"http","requestId":"8dba44d5-7b30-40fd-8406-f300759adaaa","method":"GET","path":"/world/chunk","status":304,"durationMs":4348,"ip":"::1"}
{"level":"info","time":"2026-06-28T19:18:56.891Z","service":"frontier-server","env":"development","channel":"http","requestId":"8aeab136-47f5-48d6-a0d4-f395eacee3f0","method":"GET","path":"/world/chunk","status":304,"durationMs":4247,"ip":"::1"}
{"level":"info","time":"2026-06-28T19:18:57.225Z","service":"frontier-server","env":"development","channel":"http","requestId":"4dedfc15-bdde-421b-bc38-01f98c499212","method":"GET","path":"/world/chunk","status":304,"durationMs":2548,"ip":"::1"}
{"channel":"analytics","at":"2026-06-28T19:18:58.394Z","userId":"cmn2ww2qo0000o7r0t60eox5x","event":"target_sheet_opened","metadata":{"targetType":"POI","targetId":"cmn2ww2w9001qo7r09k4j6z70"}}
{"level":"info","time":"2026-06-28T19:18:58.395Z","service":"frontier-server","env":"development","channel":"http","requestId":"6b7cafdb-4555-4e64-a35a-8f9e0a3b563e","method":"POST","path":"/analytics","status":202,"durationMs":54,"ip":"::1"}
{"level":"info","time":"2026-06-28T19:18:59.750Z","service":"frontier-server","env":"development","channel":"http","requestId":"61441237-7923-4926-9208-b95203de57bc","method":"GET","path":"/state","status":200,"durationMs":558,"ip":"::1"}
{"level":"info","time":"2026-06-28T19:19:11.806Z","service":"frontier-server","env":"development","channel":"http","requestId":"a90fb33d-c411-4e70-b891-22f6c20bfa15","method":"GET","path":"/state","status":200,"durationMs":309,"ip":"::1"}
{"level":"info","time":"2026-06-28T19:19:23.707Z","service":"frontier-server","env":"development","channel":"http","requestId":"26ec58cb-5a19-49a1-82ae-3b835e7d4429","method":"GET","path":"/state","status":200,"durationMs":356,"ip":"::1"}
{"level":"info","time":"2026-06-28T19:19:35.122Z","service":"frontier-server","env":"development","channel":"http","requestId":"8ef11d1f-c7e5-4eb6-b2a6-225914036e20","method":"GET","path":"/state","status":200,"durationMs":275,"ip":"::1"}
{"level":"info","time":"2026-06-28T19:19:47.004Z","service":"frontier-server","env":"development","channel":"http","requestId":"7ac7350f-09a0-462e-91d7-e3492ee7053b","method":"GET","path":"/state","status":200,"durationMs":312,"ip":"::1"}
{"level":"debug","time":"2026-06-28T19:19:50.616Z","service":"frontier-server","env":"development","userId":"cmn2ww2qo0000o7r0t60eox5x","channel":"ws","msg":"WebSocket disconnected"}
{"level":"info","time":"2026-06-28T19:20:42.645Z","service":"frontier-server","env":"development","channel":"http","requestId":"8dfb2eb8-21fd-49f5-8bbe-25ff93ea3d9a","method":"GET","path":"/bootstrap","status":200,"durationMs":1,"ip":"::1"}
{"level":"info","time":"2026-06-28T19:20:42.646Z","service":"frontier-server","env":"development","channel":"http","requestId":"59f26475-f4e5-471f-8723-c269845eb344","method":"GET","path":"/me","status":200,"durationMs":0,"ip":"::1"}
{"channel":"audit","event":"auth.login","at":"2026-06-28T19:20:43.584Z","payload":{"userId":"cmn2ww2qo0000o7r0t60eox5x","username":"demo_alpha"}}
{"level":"info","time":"2026-06-28T19:20:43.586Z","service":"frontier-server","env":"development","channel":"http","requestId":"92b58141-0aa7-4544-82ce-827307dc2873","method":"POST","path":"/login","status":200,"durationMs":139,"ip":"::1"}
{"level":"info","time":"2026-06-28T19:20:43.636Z","service":"frontier-server","env":"development","channel":"http","requestId":"642d2896-6c4d-41c9-b422-3190845c3ff7","method":"GET","path":"/me","status":200,"durationMs":41,"ip":"::1"}
{"channel":"analytics","at":"2026-06-28T19:20:43.699Z","userId":"cmn2ww2qo0000o7r0t60eox5x","event":"hud_tab_opened","metadata":{"tab":"dashboard"}}
{"channel":"analytics","at":"2026-06-28T19:20:43.726Z","userId":"cmn2ww2qo0000o7r0t60eox5x","event":"hud_tab_opened","metadata":{"tab":"dashboard"}}
{"level":"info","time":"2026-06-28T19:20:43.701Z","service":"frontier-server","env":"development","channel":"http","requestId":"4588c2d0-64bd-4aad-be4a-8504bff878ce","method":"POST","path":"/analytics","status":202,"durationMs":15,"ip":"::1"}
{"level":"info","time":"2026-06-28T19:20:43.890Z","service":"frontier-server","env":"development","channel":"http","requestId":"a7124cbc-d004-4fce-9a33-b61919364db0","method":"GET","path":"/bootstrap","status":304,"durationMs":0,"ip":"::1"}
{"channel":"analytics","at":"2026-06-28T19:20:43.902Z","userId":"cmn2ww2qo0000o7r0t60eox5x","event":"hud_tab_opened","metadata":{"tab":"map"}}
{"channel":"analytics","at":"2026-06-28T19:20:43.908Z","userId":"cmn2ww2qo0000o7r0t60eox5x","event":"hud_tab_opened","metadata":{"tab":"map"}}
{"level":"info","time":"2026-06-28T19:20:43.903Z","service":"frontier-server","env":"development","channel":"http","requestId":"a76fedd0-56d2-4bd6-ba72-67a3320404bf","method":"POST","path":"/analytics","status":202,"durationMs":12,"ip":"::1"}
{"level":"info","time":"2026-06-28T19:20:43.909Z","service":"frontier-server","env":"development","channel":"http","requestId":"ea11c7f6-6d5e-4121-bce1-cabf4617f811","method":"POST","path":"/analytics","status":202,"durationMs":14,"ip":"::1"}
{"level":"info","time":"2026-06-28T19:20:43.920Z","service":"frontier-server","env":"development","channel":"http","requestId":"42306cdd-3419-476b-805e-69d0bf6a234f","method":"GET","path":"/me","status":304,"durationMs":30,"ip":"::1"}
{"level":"info","time":"2026-06-28T19:20:43.979Z","service":"frontier-server","env":"development","channel":"http","requestId":"8a2552b6-a81a-4395-a5b1-ba39954ac761","method":"GET","path":"/entitlements","status":200,"durationMs":43,"ip":"::1"}
{"level":"info","time":"2026-06-28T19:20:43.983Z","service":"frontier-server","env":"development","channel":"http","requestId":"c17928f1-d1a0-421a-ad25-89e11405efdb","method":"GET","path":"/mailbox","status":200,"durationMs":50,"ip":"::1"}
{"level":"info","time":"2026-06-28T19:20:43.994Z","service":"frontier-server","env":"development","channel":"http","requestId":"0bf9795e-0a52-4867-ac56-fbf2596af58a","method":"GET","path":"/catalog","status":200,"durationMs":59,"ip":"::1"}
{"level":"info","time":"2026-06-28T19:20:44.119Z","service":"frontier-server","env":"development","channel":"http","requestId":"92571b96-1a90-4f5c-a789-24225eef6bd8","method":"GET","path":"/state","status":200,"durationMs":189,"ip":"::1"}
{"level":"debug","time":"2026-06-28T19:20:44.853Z","service":"frontier-server","env":"development","userId":"cmn2ww2qo0000o7r0t60eox5x","channel":"ws","msg":"WebSocket connected"}
{"level":"info","time":"2026-06-28T19:20:44.929Z","service":"frontier-server","env":"development","channel":"http","requestId":"eb5e31c2-869b-40fb-850a-9a70d871ad36","method":"GET","path":"/world/chunk","status":200,"durationMs":395,"ip":"::1"}
{"level":"info","time":"2026-06-28T19:20:45.124Z","service":"frontier-server","env":"development","channel":"http","requestId":"447cc35b-75e1-447e-b876-3109cbd12abf","method":"GET","path":"/world/chunk","status":200,"durationMs":582,"ip":"::1"}
{"level":"info","time":"2026-06-28T19:20:45.536Z","service":"frontier-server","env":"development","channel":"http","requestId":"0334c308-4e0b-4e28-b60b-6dc848803d4a","method":"GET","path":"/world/chunk","status":200,"durationMs":993,"ip":"::1"}
{"level":"info","time":"2026-06-28T19:20:45.792Z","service":"frontier-server","env":"development","channel":"http","requestId":"a265945a-751d-4478-bca6-4e09af3f1261","method":"GET","path":"/reports","status":200,"durationMs":1257,"ip":"::1"}
{"level":"info","time":"2026-06-28T19:20:46.025Z","service":"frontier-server","env":"development","channel":"http","requestId":"ff340af7-8aa3-4002-94cb-a3aaaba29700","method":"GET","path":"/world/chunk","status":200,"durationMs":1090,"ip":"::1"}
{"channel":"analytics","at":"2026-06-28T19:20:46.289Z","userId":"cmn2ww2qo0000o7r0t60eox5x","event":"hud_tab_opened","metadata":{"tab":"map"}}
{"level":"info","time":"2026-06-28T19:20:46.277Z","service":"frontier-server","env":"development","channel":"http","requestId":"72304a9b-8b31-482e-acda-42e83c7ccde5","method":"GET","path":"/world/chunk","status":200,"durationMs":1732,"ip":"::1"}
{"level":"info","time":"2026-06-28T19:20:46.290Z","service":"frontier-server","env":"development","channel":"http","requestId":"c98dd733-eb60-425c-9879-55a50640ac8f","method":"POST","path":"/analytics","status":202,"durationMs":7,"ip":"::1"}
{"level":"info","time":"2026-06-28T19:20:46.441Z","service":"frontier-server","env":"development","channel":"http","requestId":"31ddc251-0a22-493c-a9ee-9f3c9781e3e0","method":"GET","path":"/world/chunk","status":200,"durationMs":877,"ip":"::1"}
{"level":"info","time":"2026-06-28T19:20:46.545Z","service":"frontier-server","env":"development","channel":"http","requestId":"120d5af2-2ad0-49cb-9787-ad5c1f22429e","method":"GET","path":"/","status":200,"durationMs":2008,"ip":"::1"}
{"level":"info","time":"2026-06-28T19:20:46.733Z","service":"frontier-server","env":"development","channel":"http","requestId":"88c2ba2d-461b-418a-9956-648c2d48270e","method":"GET","path":"/world/chunk","status":200,"durationMs":934,"ip":"::1"}
{"level":"info","time":"2026-06-28T19:20:46.873Z","service":"frontier-server","env":"development","channel":"http","requestId":"31bcd689-3391-4a7d-810e-98c5e6694699","method":"GET","path":"/world/chunk","status":200,"durationMs":1744,"ip":"::1"}
{"level":"info","time":"2026-06-28T19:20:47.026Z","service":"frontier-server","env":"development","channel":"http","requestId":"b0f2eba2-1170-465b-ae44-2cd5f7a20e6f","method":"GET","path":"/world/chunk","status":200,"durationMs":980,"ip":"::1"}
{"level":"info","time":"2026-06-28T19:20:54.752Z","service":"frontier-server","env":"development","channel":"http","requestId":"2304a19e-5829-45ef-b9f0-c66f408f19c3","method":"GET","path":"/state","status":200,"durationMs":199,"ip":"::1"}
{"channel":"analytics","at":"2026-06-28T19:21:06.352Z","userId":"cmn2ww2qo0000o7r0t60eox5x","event":"target_sheet_opened","metadata":{"targetType":"POI","targetId":"cmn2ww2w9001qo7r09k4j6z70"}}
{"level":"info","time":"2026-06-28T19:21:06.353Z","service":"frontier-server","env":"development","channel":"http","requestId":"dbdb57ae-3d84-4298-ba00-b9b37e40508f","method":"POST","path":"/analytics","status":202,"durationMs":14,"ip":"::1"}
{"level":"info","time":"2026-06-28T19:21:07.226Z","service":"frontier-server","env":"development","channel":"http","requestId":"425c06dd-34fa-4a4c-a227-f620efbb3e81","method":"GET","path":"/state","status":200,"durationMs":297,"ip":"::1"}
{"level":"info","time":"2026-06-28T19:21:20.581Z","service":"frontier-server","env":"development","channel":"http","requestId":"4902faa1-ac27-4ff2-8abd-68f2297fa1f2","method":"GET","path":"/state","status":200,"durationMs":354,"ip":"::1"}
{"level":"info","time":"2026-06-28T19:21:32.783Z","service":"frontier-server","env":"development","channel":"http","requestId":"31b18166-0a58-4ece-9cdc-b6c2f59d027a","method":"GET","path":"/state","status":200,"durationMs":364,"ip":"::1"}
{"level":"debug","time":"2026-06-28T19:21:37.237Z","service":"frontier-server","env":"development","userId":"cmn2ww2qo0000o7r0t60eox5x","channel":"ws","msg":"WebSocket disconnected"}
{"level":"info","time":"2026-06-28T19:24:53.914Z","service":"frontier-server","env":"development","channel":"http","requestId":"c15b7448-904e-4e0b-9e96-b4885f8a30d3","method":"GET","path":"/bootstrap","status":200,"durationMs":1,"ip":"::1"}
{"level":"info","time":"2026-06-28T19:24:53.915Z","service":"frontier-server","env":"development","channel":"http","requestId":"1284f38a-62df-4e1e-90f5-3ff37ce31782","method":"GET","path":"/me","status":200,"durationMs":1,"ip":"::1"}
{"channel":"audit","event":"auth.login","at":"2026-06-28T19:24:56.624Z","payload":{"userId":"cmn2ww2qo0000o7r0t60eox5x","username":"demo_alpha"}}
{"channel":"analytics","at":"2026-06-28T19:24:56.711Z","userId":"cmn2ww2qo0000o7r0t60eox5x","event":"hud_tab_opened","metadata":{"tab":"dashboard"}}
{"channel":"analytics","at":"2026-06-28T19:24:56.756Z","userId":"cmn2ww2qo0000o7r0t60eox5x","event":"hud_tab_opened","metadata":{"tab":"dashboard"}}
{"channel":"analytics","at":"2026-06-28T19:24:56.888Z","userId":"cmn2ww2qo0000o7r0t60eox5x","event":"hud_tab_opened","metadata":{"tab":"map"}}
{"channel":"analytics","at":"2026-06-28T19:24:56.889Z","userId":"cmn2ww2qo0000o7r0t60eox5x","event":"hud_tab_opened","metadata":{"tab":"map"}}
{"level":"info","time":"2026-06-28T19:24:56.626Z","service":"frontier-server","env":"development","channel":"http","requestId":"3514cbd4-89ff-44a1-bae7-8e0beee96bb3","method":"POST","path":"/login","status":200,"durationMs":140,"ip":"::1"}
{"level":"info","time":"2026-06-28T19:24:56.659Z","service":"frontier-server","env":"development","channel":"http","requestId":"68bb38d6-3655-4269-b4ab-250de2d1f7c3","method":"GET","path":"/me","status":200,"durationMs":21,"ip":"::1"}
{"level":"info","time":"2026-06-28T19:24:56.713Z","service":"frontier-server","env":"development","channel":"http","requestId":"3954220f-906c-4890-a8af-1ff6917b2d92","method":"POST","path":"/analytics","status":202,"durationMs":10,"ip":"::1"}
{"level":"info","time":"2026-06-28T19:24:56.878Z","service":"frontier-server","env":"development","channel":"http","requestId":"1c7cd6ab-f701-40d7-a836-b675935dd826","method":"GET","path":"/bootstrap","status":304,"durationMs":0,"ip":"::1"}
{"level":"info","time":"2026-06-28T19:24:56.889Z","service":"frontier-server","env":"development","channel":"http","requestId":"3d186ffe-28ca-4b2d-99e3-3441ccb4d5c1","method":"POST","path":"/analytics","status":202,"durationMs":7,"ip":"::1"}
{"level":"info","time":"2026-06-28T19:24:56.890Z","service":"frontier-server","env":"development","channel":"http","requestId":"da377ba8-4d9b-40af-b9d7-1452b089e78f","method":"POST","path":"/analytics","status":202,"durationMs":10,"ip":"::1"}
{"level":"info","time":"2026-06-28T19:24:56.902Z","service":"frontier-server","env":"development","channel":"http","requestId":"989d0d61-14cf-4176-8fea-d9affc5201a9","method":"GET","path":"/me","status":304,"durationMs":23,"ip":"::1"}
{"level":"info","time":"2026-06-28T19:24:56.946Z","service":"frontier-server","env":"development","channel":"http","requestId":"dc134d19-887a-4cfa-81de-7b4260dcdff4","method":"GET","path":"/mailbox","status":200,"durationMs":35,"ip":"::1"}
{"level":"info","time":"2026-06-28T19:24:56.949Z","service":"frontier-server","env":"development","channel":"http","requestId":"eb25685f-38bd-4abf-9d76-564b43747e3c","method":"GET","path":"/entitlements","status":200,"durationMs":34,"ip":"::1"}
{"level":"info","time":"2026-06-28T19:24:56.952Z","service":"frontier-server","env":"development","channel":"http","requestId":"7605aabf-7d30-481e-9bf3-69d3c607995f","method":"GET","path":"/catalog","status":200,"durationMs":38,"ip":"::1"}
{"level":"info","time":"2026-06-28T19:24:57.038Z","service":"frontier-server","env":"development","channel":"http","requestId":"94e403c8-8966-46ba-b0a0-a0e236ba56bf","method":"GET","path":"/state","status":200,"durationMs":128,"ip":"::1"}
{"level":"debug","time":"2026-06-28T19:24:58.203Z","service":"frontier-server","env":"development","userId":"cmn2ww2qo0000o7r0t60eox5x","channel":"ws","msg":"WebSocket connected"}
{"level":"info","time":"2026-06-28T19:24:58.484Z","service":"frontier-server","env":"development","channel":"http","requestId":"4572b96f-4e69-4b25-8515-f6f20bff3e43","method":"GET","path":"/world/chunk","status":200,"durationMs":620,"ip":"::1"}
{"level":"info","time":"2026-06-28T19:24:58.588Z","service":"frontier-server","env":"development","channel":"http","requestId":"7f8a9b3f-316b-48a0-ae88-1ef8a867a3b0","method":"GET","path":"/reports","status":200,"durationMs":722,"ip":"::1"}
{"level":"info","time":"2026-06-28T19:24:58.937Z","service":"frontier-server","env":"development","channel":"http","requestId":"811fdd3f-c9c1-4335-9913-668d1bf85baa","method":"GET","path":"/world/chunk","status":200,"durationMs":1066,"ip":"::1"}
{"level":"info","time":"2026-06-28T19:24:59.108Z","service":"frontier-server","env":"development","channel":"http","requestId":"379d0ef6-c1e6-408c-9204-c4e5ecef31fb","method":"GET","path":"/","status":200,"durationMs":1239,"ip":"::1"}
{"level":"info","time":"2026-06-28T19:24:59.344Z","service":"frontier-server","env":"development","channel":"http","requestId":"d379b619-6ac2-4334-a261-b4bdf72eaa46","method":"GET","path":"/world/chunk","status":200,"durationMs":1471,"ip":"::1"}
{"channel":"analytics","at":"2026-06-28T19:24:59.580Z","userId":"cmn2ww2qo0000o7r0t60eox5x","event":"hud_tab_opened","metadata":{"tab":"map"}}
{"level":"info","time":"2026-06-28T19:24:59.570Z","service":"frontier-server","env":"development","channel":"http","requestId":"afe22948-a3b5-4cac-be39-030a3ef436c0","method":"GET","path":"/world/chunk","status":200,"durationMs":1700,"ip":"::1"}
{"level":"info","time":"2026-06-28T19:24:59.581Z","service":"frontier-server","env":"development","channel":"http","requestId":"f874f7c7-670a-4dc3-901c-4eb4664effc3","method":"POST","path":"/analytics","status":202,"durationMs":6,"ip":"::1"}
{"level":"info","time":"2026-06-28T19:24:59.732Z","service":"frontier-server","env":"development","channel":"http","requestId":"d1355705-1c72-4594-98e5-1cf3d97a27cf","method":"GET","path":"/world/chunk","status":200,"durationMs":771,"ip":"::1"}
{"level":"info","time":"2026-06-28T19:24:59.881Z","service":"frontier-server","env":"development","channel":"http","requestId":"bb90168f-abd2-4701-909a-b6699f33a5da","method":"GET","path":"/world/chunk","status":200,"durationMs":1378,"ip":"::1"}
{"level":"info","time":"2026-06-28T19:25:00.031Z","service":"frontier-server","env":"development","channel":"http","requestId":"dc34fc7b-7d12-4939-952e-62fa369fbe48","method":"GET","path":"/world/chunk","status":200,"durationMs":1438,"ip":"::1"}
{"level":"info","time":"2026-06-28T19:25:00.172Z","service":"frontier-server","env":"development","channel":"http","requestId":"5dbf16ad-0120-4fdf-9f15-578959720b8e","method":"GET","path":"/world/chunk","status":200,"durationMs":1046,"ip":"::1"}
{"level":"info","time":"2026-06-28T19:25:00.338Z","service":"frontier-server","env":"development","channel":"http","requestId":"f26837d6-dd2b-40fc-8da0-0b5af7125985","method":"GET","path":"/world/chunk","status":200,"durationMs":988,"ip":"::1"}
{"level":"info","time":"2026-06-28T19:25:02.645Z","service":"frontier-server","env":"development","channel":"http","requestId":"7dbd7850-10fa-4ded-8dca-04ce22026f9f","method":"GET","path":"/world/chunk","status":200,"durationMs":323,"ip":"::1"}
{"level":"info","time":"2026-06-28T19:25:02.806Z","service":"frontier-server","env":"development","channel":"http","requestId":"b8ceb2a8-7a18-41cc-a6a4-097af43b2ab7","method":"GET","path":"/world/chunk","status":200,"durationMs":485,"ip":"::1"}
{"level":"info","time":"2026-06-28T19:25:02.965Z","service":"frontier-server","env":"development","channel":"http","requestId":"111da760-ef0c-4eda-978f-4864c156c36c","method":"GET","path":"/world/chunk","status":200,"durationMs":648,"ip":"::1"}
{"level":"info","time":"2026-06-28T19:25:03.133Z","service":"frontier-server","env":"development","channel":"http","requestId":"42356b6a-c9ae-4172-83c1-4bba77b44c02","method":"GET","path":"/world/chunk","status":200,"durationMs":817,"ip":"::1"}
{"level":"info","time":"2026-06-28T19:25:03.305Z","service":"frontier-server","env":"development","channel":"http","requestId":"b7ff751c-fa8a-4b0c-90d5-17bd4d43a4e1","method":"GET","path":"/world/chunk","status":200,"durationMs":653,"ip":"::1"}
{"level":"info","time":"2026-06-28T19:25:03.482Z","service":"frontier-server","env":"development","channel":"http","requestId":"b16f876a-6081-4507-b8b7-1f9c8657e99b","method":"GET","path":"/world/chunk","status":200,"durationMs":1155,"ip":"::1"}
{"level":"info","time":"2026-06-28T19:25:03.625Z","service":"frontier-server","env":"development","channel":"http","requestId":"5c925e06-1bf5-403e-a4ce-b676025b980b","method":"GET","path":"/world/chunk","status":200,"durationMs":1290,"ip":"::1"}
{"level":"info","time":"2026-06-28T19:25:03.746Z","service":"frontier-server","env":"development","channel":"http","requestId":"2f344951-2705-43f7-9799-4018f1998162","method":"GET","path":"/world/chunk","status":200,"durationMs":775,"ip":"::1"}
{"level":"info","time":"2026-06-28T19:25:03.885Z","service":"frontier-server","env":"development","channel":"http","requestId":"60fc984b-2be9-4aa4-857d-363cdff1cc8b","method":"GET","path":"/world/chunk","status":200,"durationMs":1075,"ip":"::1"}
{"level":"info","time":"2026-06-28T19:25:08.129Z","service":"frontier-server","env":"development","channel":"http","requestId":"db52d78b-60af-4bb6-baff-c85be25ca22f","method":"GET","path":"/state","status":200,"durationMs":161,"ip":"::1"}
{"channel":"analytics","at":"2026-06-28T19:25:14.188Z","userId":"cmn2ww2qo0000o7r0t60eox5x","event":"target_sheet_opened","metadata":{"targetType":"POI","targetId":"cmn2ww2w9001qo7r09k4j6z70"}}
{"level":"info","time":"2026-06-28T19:25:14.191Z","service":"frontier-server","env":"development","channel":"http","requestId":"b5a6ce01-e1a1-4598-8e98-ee34adc3894c","method":"POST","path":"/analytics","status":202,"durationMs":12,"ip":"::1"}
{"level":"info","time":"2026-06-28T19:25:19.567Z","service":"frontier-server","env":"development","channel":"http","requestId":"470f11e0-980c-49ca-9c88-74eac9ba19cf","method":"GET","path":"/state","status":200,"durationMs":158,"ip":"::1"}
{"level":"info","time":"2026-06-28T19:25:30.785Z","service":"frontier-server","env":"development","channel":"http","requestId":"edf6a7c2-2745-4996-af70-692abdb3041b","method":"GET","path":"/state","status":200,"durationMs":240,"ip":"::1"}
{"level":"debug","time":"2026-06-28T19:25:39.877Z","service":"frontier-server","env":"development","userId":"cmn2ww2qo0000o7r0t60eox5x","channel":"ws","msg":"WebSocket disconnected"}
22:26:46 [tsx] change in ./..\..\packages\shared\dist\index.js Restarting...
c[telemetry] OpenTelemetry disabled (OTEL_ENABLED != true)
{"level":"info","time":"2026-06-28T19:26:53.261Z","service":"frontier-server","env":"development","port":3101,"env":"development","realtimeAdapter":"in_memory","redisConfigured":false,"msg":"Frontier Dominion server started"}
